<?xml version="1.0" encoding="UTF-8"?>
<!-- Generated by org.testng.reporters.JUnitXMLReporter -->
<testsuite hostname="LAPTOP-2QCCD5NG" ignored="0" name="Default test" tests="1" failures="1" timestamp="27 Feb 2023 13:59:53 GMT" time="328.681" errors="0">
  <testcase name="Verify" time="295.196" classname="Module_Home_TestClasses.Insurance_TestNG_TestClass">
    <failure type="java.lang.StackOverflowError">
      <![CDATA[java.lang.StackOverflowErrorat org.openqa.selenium.SharedCapabilitiesMethods.toString(SharedCapabilitiesMethods.java:77)at org.openqa.selenium.ImmutableCapabilities.toString(ImmutableCapabilities.java:195)at org.openqa.selenium.remote.RemoteWebDriver.populateWebDriverException(RemoteWebDriver.java:593)at org.openqa.selenium.remote.RemoteWebDriver.execute(RemoteWebDriver.java:570)at org.openqa.selenium.remote.ElementLocation$ElementFinder$2.findElement(ElementLocation.java:162)at org.openqa.selenium.remote.ElementLocation.findElement(ElementLocation.java:60)at org.openqa.selenium.remote.RemoteWebDriver.findElement(RemoteWebDriver.java:352)at org.openqa.selenium.remote.RemoteWebDriver.findElement(RemoteWebDriver.java:344)at org.openqa.selenium.support.pagefactory.DefaultElementLocator.findElement(DefaultElementLocator.java:70)at org.openqa.selenium.support.pagefactory.internal.LocatingElementHandler.invoke(LocatingElementHandler.java:39)at com.sun.proxy.$Proxy16.getText(Unknown Source)at Module1_Home.RTO.VerifCityandRto(RTO.java:32)at Module1_Home.RTO.VerifCityandRto(RTO.java:34)at Module1_Home.RTO.VerifCityandRto(RTO.java:34)at Module1_Home.RTO.VerifCityandRto(RTO.java:34)at Module1_Home.RTO.VerifCityandRto(RTO.java:34)at Module1_Home.RTO.VerifCityandRto(RTO.java:34)at Module1_Home.RTO.VerifCityandRto(RTO.java:34)at Module1_Home.RTO.VerifCityandRto(RTO.java:34)at Module1_Home.RTO.VerifCityandRto(RTO.java:34)at Module1_Home.RTO.VerifCityandRto(RTO.java:34)at Module1_Home.RTO.VerifCityandRto(RTO.java:34)at Module1_Home.RTO.VerifCityandRto(RTO.java:34)at Module1_Home.RTO.VerifCityandRto(RTO.java:34)at Module1_Home.RTO.VerifCityandRto(RTO.java:34)at Module1_Home.RTO.VerifCityandRto(RTO.java:34)at Module1_Home.RTO.VerifCityandRto(RTO.java:34)at Module1_Home.RTO.VerifCityandRto(RTO.java:34)at Module1_Home.RTO.VerifCityandRto(RTO.java:34)at Module1_Home.RTO.VerifCityandRto(RTO.java:34)at Module1_Home.RTO.VerifCityandRto(RTO.java:34)at Module1_Home.RTO.VerifCityandRto(RTO.java:34)at Module1_Home.RTO.VerifCityandRto(RTO.java:34)at Module1_Home.RTO.VerifCityandRto(RTO.java:34)at Module1_Home.RTO.VerifCityandRto(RTO.java:34)at Module1_Home.RTO.VerifCityandRto(RTO.java:34)at Module1_Home.RTO.VerifCityandRto(RTO.java:34)at Module1_Home.RTO.VerifCityandRto(RTO.java:34)at Module1_Home.RTO.VerifCityandRto(RTO.java:34)at Module1_Home.RTO.VerifCityandRto(RTO.java:34)at Module1_Home.RTO.VerifCityandRto(RTO.java:34)at Module1_Home.RTO.VerifCityandRto(RTO.java:34)at Module1_Home.RTO.VerifCityandRto(RTO.java:34)at Module1_Home.RTO.VerifCityandRto(RTO.java:34)at Module1_Home.RTO.VerifCityandRto(RTO.java:34)at Module1_Home.RTO.VerifCityandRto(RTO.java:34)at Module1_Home.RTO.VerifCityandRto(RTO.java:34)at Module1_Home.RTO.VerifCityandRto(RTO.java:34)at Module1_Home.RTO.VerifCityandRto(RTO.java:34)at Module1_Home.RTO.VerifCityandRto(RTO.java:34)at Module1_Home.RTO.VerifCityandRto(RTO.java:34)at Module1_Home.RTO.VerifCityandRto(RTO.java:34)at Module1_Home.RTO.VerifCityandRto(RTO.java:34)at Module1_Home.RTO.VerifCityandRto(RTO.java:34)at Module1_Home.RTO.VerifCityandRto(RTO.java:34)at Module1_Home.RTO.VerifCityandRto(RTO.java:34)at Module1_Home.RTO.VerifCityandRto(RTO.java:34)at Module1_Home.RTO.VerifCityandRto(RTO.java:34)at Module1_Home.RTO.VerifCityandRto(RTO.java:34)at Module1_Home.RTO.VerifCityandRto(RTO.java:34)at Module1_Home.RTO.VerifCityandRto(RTO.java:34)at Module1_Home.RTO.VerifCityandRto(RTO.java:34)at Module1_Home.RTO.VerifCityandRto(RTO.java:34)at Module1_Home.RTO.VerifCityandRto(RTO.java:34)at Module1_Home.RTO.VerifCityandRto(RTO.java:34)at Module1_Home.RTO.VerifCityandRto(RTO.java:34)at Module1_Home.RTO.VerifCityandRto(RTO.java:34)at Module1_Home.RTO.VerifCityandRto(RTO.java:34)at Module1_Home.RTO.VerifCityandRto(RTO.java:34)at Module1_Home.RTO.VerifCityandRto(RTO.java:34)at Module1_Home.RTO.VerifCityandRto(RTO.java:34)at Module1_Home.RTO.VerifCityandRto(RTO.java:34)at Module1_Home.RTO.VerifCityandRto(RTO.java:34)at Module1_Home.RTO.VerifCityandRto(RTO.java:34)at Module1_Home.RTO.VerifCityandRto(RTO.java:34)at Module1_Home.RTO.VerifCityandRto(RTO.java:34)at Module1_Home.RTO.VerifCityandRto(RTO.java:34)at Module1_Home.RTO.VerifCityandRto(RTO.java:34)at Module1_Home.RTO.VerifCityandRto(RTO.java:34)at Module1_Home.RTO.VerifCityandRto(RTO.java:34)at Module1_Home.RTO.VerifCityandRto(RTO.java:34)at Module1_Home.RTO.VerifCityandRto(RTO.java:34)at Module1_Home.RTO.VerifCityandRto(RTO.java:34)at Module1_Home.RTO.VerifCityandRto(RTO.java:34)at Module1_Home.RTO.VerifCityandRto(RTO.java:34)at Module1_Home.RTO.VerifCityandRto(RTO.java:34)at Module1_Home.RTO.VerifCityandRto(RTO.java:34)at Module1_Home.RTO.VerifCityandRto(RTO.java:34)at Module1_Home.RTO.VerifCityandRto(RTO.java:34)at Module1_Home.RTO.VerifCityandRto(RTO.java:34)at Module1_Home.RTO.VerifCityandRto(RTO.java:34)at Module1_Home.RTO.VerifCityandRto(RTO.java:34)at Module1_Home.RTO.VerifCityandRto(RTO.java:34)at Module1_Home.RTO.VerifCityandRto(RTO.java:34)at Module1_Home.RTO.VerifCityandRto(RTO.java:34)at Module1_Home.RTO.VerifCityandRto(RTO.java:34)at Module1_Home.RTO.VerifCityandRto(RTO.java:34)at Module1_Home.RTO.VerifCityandRto(RTO.java:34)at Module1_Home.RTO.VerifCityandRto(RTO.java:34)at Module1_Home.RTO.VerifCityandRto(RTO.java:34)at Module1_Home.RTO.VerifCityandRto(RTO.java:34)at Module1_Home.RTO.VerifCityandRto(RTO.java:34)at Module1_Home.RTO.VerifCityandRto(RTO.java:34)at Module1_Home.RTO.VerifCityandRto(RTO.java:34)at Module1_Home.RTO.VerifCityandRto(RTO.java:34)at Module1_Home.RTO.VerifCityandRto(RTO.java:34)at Module1_Home.RTO.VerifCityandRto(RTO.java:34)at Module1_Home.RTO.VerifCityandRto(RTO.java:34)at Module1_Home.RTO.VerifCityandRto(RTO.java:34)at Module1_Home.RTO.VerifCityandRto(RTO.java:34)at Module1_Home.RTO.VerifCityandRto(RTO.java:34)at Module1_Home.RTO.VerifCityandRto(RTO.java:34)at Module1_Home.RTO.VerifCityandRto(RTO.java:34)at Module1_Home.RTO.VerifCityandRto(RTO.java:34)at Module1_Home.RTO.VerifCityandRto(RTO.java:34)at Module1_Home.RTO.VerifCityandRto(RTO.java:34)at Module1_Home.RTO.VerifCityandRto(RTO.java:34)at Module1_Home.RTO.VerifCityandRto(RTO.java:34)at Module1_Home.RTO.VerifCityandRto(RTO.java:34)at Module1_Home.RTO.VerifCityandRto(RTO.java:34)at Module1_Home.RTO.VerifCityandRto(RTO.java:34)at Module1_Home.RTO.VerifCityandRto(RTO.java:34)at Module1_Home.RTO.VerifCityandRto(RTO.java:34)at Module1_Home.RTO.VerifCityandRto(RTO.java:34)at Module1_Home.RTO.VerifCityandRto(RTO.java:34)at Module1_Home.RTO.VerifCityandRto(RTO.java:34)at Module1_Home.RTO.VerifCityandRto(RTO.java:34)at Module1_Home.RTO.VerifCityandRto(RTO.java:34)at Module1_Home.RTO.VerifCityandRto(RTO.java:34)at Module1_Home.RTO.VerifCityandRto(RTO.java:34)at Module1_Home.RTO.VerifCityandRto(RTO.java:34)at Module1_Home.RTO.VerifCityandRto(RTO.java:34)at Module1_Home.RTO.VerifCityandRto(RTO.java:34)at Module1_Home.RTO.VerifCityandRto(RTO.java:34)at Module1_Home.RTO.VerifCityandRto(RTO.java:34)at Module1_Home.RTO.VerifCityandRto(RTO.java:34)at Module1_Home.RTO.VerifCityandRto(RTO.java:34)at Module1_Home.RTO.VerifCityandRto(RTO.java:34)at Module1_Home.RTO.VerifCityandRto(RTO.java:34)at Module1_Home.RTO.VerifCityandRto(RTO.java:34)at Module1_Home.RTO.VerifCityandRto(RTO.java:34)at Module1_Home.RTO.VerifCityandRto(RTO.java:34)at Module1_Home.RTO.VerifCityandRto(RTO.java:34)at Module1_Home.RTO.VerifCityandRto(RTO.java:34)at Module1_Home.RTO.VerifCityandRto(RTO.java:34)at Module1_Home.RTO.VerifCityandRto(RTO.java:34)at Module1_Home.RTO.VerifCityandRto(RTO.java:34)at Module1_Home.RTO.VerifCityandRto(RTO.java:34)at Module1_Home.RTO.VerifCityandRto(RTO.java:34)at Module1_Home.RTO.VerifCityandRto(RTO.java:34)at Module1_Home.RTO.VerifCityandRto(RTO.java:34)at Module1_Home.RTO.VerifCityandRto(RTO.java:34)at Module1_Home.RTO.VerifCityandRto(RTO.java:34)at Module1_Home.RTO.VerifCityandRto(RTO.java:34)at Module1_Home.RTO.VerifCityandRto(RTO.java:34)at Module1_Home.RTO.VerifCityandRto(RTO.java:34)at Module1_Home.RTO.VerifCityandRto(RTO.java:34)at Module1_Home.RTO.VerifCityandRto(RTO.java:34)at Module1_Home.RTO.VerifCityandRto(RTO.java:34)at Module1_Home.RTO.VerifCityandRto(RTO.java:34)at Module1_Home.RTO.VerifCityandRto(RTO.java:34)at Module1_Home.RTO.VerifCityandRto(RTO.java:34)at Module1_Home.RTO.VerifCityandRto(RTO.java:34)at Module1_Home.RTO.VerifCityandRto(RTO.java:34)at Module1_Home.RTO.VerifCityandRto(RTO.java:34)at Module1_Home.RTO.VerifCityandRto(RTO.java:34)at Module1_Home.RTO.VerifCityandRto(RTO.java:34)at Module1_Home.RTO.VerifCityandRto(RTO.java:34)at Module1_Home.RTO.VerifCityandRto(RTO.java:34)at Module1_Home.RTO.VerifCityandRto(RTO.java:34)at Module1_Home.RTO.VerifCityandRto(RTO.java:34)at Module1_Home.RTO.VerifCityandRto(RTO.java:34)at Module1_Home.RTO.VerifCityandRto(RTO.java:34)at Module1_Home.RTO.VerifCityandRto(RTO.java:34)at Module1_Home.RTO.VerifCityandRto(RTO.java:34)at Module1_Home.RTO.VerifCityandRto(RTO.java:34)at Module1_Home.RTO.VerifCityandRto(RTO.java:34)at Module1_Home.RTO.VerifCityandRto(RTO.java:34)at Module1_Home.RTO.VerifCityandRto(RTO.java:34)at Module1_Home.RTO.VerifCityandRto(RTO.java:34)at Module1_Home.RTO.VerifCityandRto(RTO.java:34)at Module1_Home.RTO.VerifCityandRto(RTO.java:34)at Module1_Home.RTO.VerifCityandRto(RTO.java:34)at Module1_Home.RTO.VerifCityandRto(RTO.java:34)at Module1_Home.RTO.VerifCityandRto(RTO.java:34)at Module1_Home.RTO.VerifCityandRto(RTO.java:34)at Module1_Home.RTO.VerifCityandRto(RTO.java:34)at Module1_Home.RTO.VerifCityandRto(RTO.java:34)at Module1_Home.RTO.VerifCityandRto(RTO.java:34)at Module1_Home.RTO.VerifCityandRto(RTO.java:34)at Module1_Home.RTO.VerifCityandRto(RTO.java:34)at Module1_Home.RTO.VerifCityandRto(RTO.java:34)at Module1_Home.RTO.VerifCityandRto(RTO.java:34)at Module1_Home.RTO.VerifCityandRto(RTO.java:34)at Module1_Home.RTO.VerifCityandRto(RTO.java:34)at Module1_Home.RTO.VerifCityandRto(RTO.java:34)at Module1_Home.RTO.VerifCityandRto(RTO.java:34)at Module1_Home.RTO.VerifCityandRto(RTO.java:34)at Module1_Home.RTO.VerifCityandRto(RTO.java:34)at Module1_Home.RTO.VerifCityandRto(RTO.java:34)at Module1_Home.RTO.VerifCityandRto(RTO.java:34)at Module1_Home.RTO.VerifCityandRto(RTO.java:34)at Module1_Home.RTO.VerifCityandRto(RTO.java:34)at Module1_Home.RTO.VerifCityandRto(RTO.java:34)at Module1_Home.RTO.VerifCityandRto(RTO.java:34)at Module1_Home.RTO.VerifCityandRto(RTO.java:34)at Module1_Home.RTO.VerifCityandRto(RTO.java:34)at Module1_Home.RTO.VerifCityandRto(RTO.java:34)at Module1_Home.RTO.VerifCityandRto(RTO.java:34)at Module1_Home.RTO.VerifCityandRto(RTO.java:34)at Module1_Home.RTO.VerifCityandRto(RTO.java:34)at Module1_Home.RTO.VerifCityandRto(RTO.java:34)at Module1_Home.RTO.VerifCityandRto(RTO.java:34)at Module1_Home.RTO.VerifCityandRto(RTO.java:34)at Module1_Home.RTO.VerifCityandRto(RTO.java:34)at Module1_Home.RTO.VerifCityandRto(RTO.java:34)at Module1_Home.RTO.VerifCityandRto(RTO.java:34)at Module1_Home.RTO.VerifCityandRto(RTO.java:34)at Module1_Home.RTO.VerifCityandRto(RTO.java:34)at Module1_Home.RTO.VerifCityandRto(RTO.java:34)at Module1_Home.RTO.VerifCityandRto(RTO.java:34)at Module1_Home.RTO.VerifCityandRto(RTO.java:34)at Module1_Home.RTO.VerifCityandRto(RTO.java:34)at Module1_Home.RTO.VerifCityandRto(RTO.java:34)at Module1_Home.RTO.VerifCityandRto(RTO.java:34)at Module1_Home.RTO.VerifCityandRto(RTO.java:34)at Module1_Home.RTO.VerifCityandRto(RTO.java:34)at Module1_Home.RTO.VerifCityandRto(RTO.java:34)at Module1_Home.RTO.VerifCityandRto(RTO.java:34)at Module1_Home.RTO.VerifCityandRto(RTO.java:34)at Module1_Home.RTO.VerifCityandRto(RTO.java:34)at Module1_Home.RTO.VerifCityandRto(RTO.java:34)at Module1_Home.RTO.VerifCityandRto(RTO.java:34)at Module1_Home.RTO.VerifCityandRto(RTO.java:34)at Module1_Home.RTO.VerifCityandRto(RTO.java:34)at Module1_Home.RTO.VerifCityandRto(RTO.java:34)at Module1_Home.RTO.VerifCityandRto(RTO.java:34)at Module1_Home.RTO.VerifCityandRto(RTO.java:34)at Module1_Home.RTO.VerifCityandRto(RTO.java:34)at Module1_Home.RTO.VerifCityandRto(RTO.java:34)at Module1_Home.RTO.VerifCityandRto(RTO.java:34)at Module1_Home.RTO.VerifCityandRto(RTO.java:34)at Module1_Home.RTO.VerifCityandRto(RTO.java:34)at Module1_Home.RTO.VerifCityandRto(RTO.java:34)at Module1_Home.RTO.VerifCityandRto(RTO.java:34)at Module1_Home.RTO.VerifCityandRto(RTO.java:34)at Module1_Home.RTO.VerifCityandRto(RTO.java:34)at Module1_Home.RTO.VerifCityandRto(RTO.java:34)at Module1_Home.RTO.VerifCityandRto(RTO.java:34)at Module1_Home.RTO.VerifCityandRto(RTO.java:34)at Module1_Home.RTO.VerifCityandRto(RTO.java:34)at Module1_Home.RTO.VerifCityandRto(RTO.java:34)at Module1_Home.RTO.VerifCityandRto(RTO.java:34)at Module1_Home.RTO.VerifCityandRto(RTO.java:34)at Module1_Home.RTO.VerifCityandRto(RTO.java:34)at Module1_Home.RTO.VerifCityandRto(RTO.java:34)at Module1_Home.RTO.VerifCityandRto(RTO.java:34)at Module1_Home.RTO.VerifCityandRto(RTO.java:34)at Module1_Home.RTO.VerifCityandRto(RTO.java:34)at Module1_Home.RTO.VerifCityandRto(RTO.java:34)at Module1_Home.RTO.VerifCityandRto(RTO.java:34)at Module1_Home.RTO.VerifCityandRto(RTO.java:34)at Module1_Home.RTO.VerifCityandRto(RTO.java:34)at Module1_Home.RTO.VerifCityandRto(RTO.java:34)at Module1_Home.RTO.VerifCityandRto(RTO.java:34)at Module1_Home.RTO.VerifCityandRto(RTO.java:34)at Module1_Home.RTO.VerifCityandRto(RTO.java:34)at Module1_Home.RTO.VerifCityandRto(RTO.java:34)at Module1_Home.RTO.VerifCityandRto(RTO.java:34)at Module1_Home.RTO.VerifCityandRto(RTO.java:34)at Module1_Home.RTO.VerifCityandRto(RTO.java:34)at Module1_Home.RTO.VerifCityandRto(RTO.java:34)at Module1_Home.RTO.VerifCityandRto(RTO.java:34)at Module1_Home.RTO.VerifCityandRto(RTO.java:34)at Module1_Home.RTO.VerifCityandRto(RTO.java:34)at Module1_Home.RTO.VerifCityandRto(RTO.java:34)at Module1_Home.RTO.VerifCityandRto(RTO.java:34)at Module1_Home.RTO.VerifCityandRto(RTO.java:34)at Module1_Home.RTO.VerifCityandRto(RTO.java:34)at Module1_Home.RTO.VerifCityandRto(RTO.java:34)at Module1_Home.RTO.VerifCityandRto(RTO.java:34)at Module1_Home.RTO.VerifCityandRto(RTO.java:34)at Module1_Home.RTO.VerifCityandRto(RTO.java:34)at Module1_Home.RTO.VerifCityandRto(RTO.java:34)at Module1_Home.RTO.VerifCityandRto(RTO.java:34)at Module1_Home.RTO.VerifCityandRto(RTO.java:34)at Module1_Home.RTO.VerifCityandRto(RTO.java:34)at Module1_Home.RTO.VerifCityandRto(RTO.java:34)at Module1_Home.RTO.VerifCityandRto(RTO.java:34)at Module1_Home.RTO.VerifCityandRto(RTO.java:34)at Module1_Home.RTO.VerifCityandRto(RTO.java:34)at Module1_Home.RTO.VerifCityandRto(RTO.java:34)at Module1_Home.RTO.VerifCityandRto(RTO.java:34)at Module1_Home.RTO.VerifCityandRto(RTO.java:34)at Module1_Home.RTO.VerifCityandRto(RTO.java:34)at Module1_Home.RTO.VerifCityandRto(RTO.java:34)at Module1_Home.RTO.VerifCityandRto(RTO.java:34)at Module1_Home.RTO.VerifCityandRto(RTO.java:34)at Module1_Home.RTO.VerifCityandRto(RTO.java:34)at Module1_Home.RTO.VerifCityandRto(RTO.java:34)at Module1_Home.RTO.VerifCityandRto(RTO.java:34)at Module1_Home.RTO.VerifCityandRto(RTO.java:34)at Module1_Home.RTO.VerifCityandRto(RTO.java:34)at Module1_Home.RTO.VerifCityandRto(RTO.java:34)at Module1_Home.RTO.VerifCityandRto(RTO.java:34)at Module1_Home.RTO.VerifCityandRto(RTO.java:34)at Module1_Home.RTO.VerifCityandRto(RTO.java:34)at Module1_Home.RTO.VerifCityandRto(RTO.java:34)at Module1_Home.RTO.VerifCityandRto(RTO.java:34)at Module1_Home.RTO.VerifCityandRto(RTO.java:34)at Module1_Home.RTO.VerifCityandRto(RTO.java:34)at Module1_Home.RTO.VerifCityandRto(RTO.java:34)at Module1_Home.RTO.VerifCityandRto(RTO.java:34)at Module1_Home.RTO.VerifCityandRto(RTO.java:34)at Module1_Home.RTO.VerifCityandRto(RTO.java:34)at Module1_Home.RTO.VerifCityandRto(RTO.java:34)at Module1_Home.RTO.VerifCityandRto(RTO.java:34)at Module1_Home.RTO.VerifCityandRto(RTO.java:34)at Module1_Home.RTO.VerifCityandRto(RTO.java:34)at Module1_Home.RTO.VerifCityandRto(RTO.java:34)at Module1_Home.RTO.VerifCityandRto(RTO.java:34)at Module1_Home.RTO.VerifCityandRto(RTO.java:34)at Module1_Home.RTO.VerifCityandRto(RTO.java:34)at Module1_Home.RTO.VerifCityandRto(RTO.java:34)at Module1_Home.RTO.VerifCityandRto(RTO.java:34)at Module1_Home.RTO.VerifCityandRto(RTO.java:34)at Module1_Home.RTO.VerifCityandRto(RTO.java:34)at Module1_Home.RTO.VerifCityandRto(RTO.java:34)at Module1_Home.RTO.VerifCityandRto(RTO.java:34)at Module1_Home.RTO.VerifCityandRto(RTO.java:34)at Module1_Home.RTO.VerifCityandRto(RTO.java:34)at Module1_Home.RTO.VerifCityandRto(RTO.java:34)at Module1_Home.RTO.VerifCityandRto(RTO.java:34)at Module1_Home.RTO.VerifCityandRto(RTO.java:34)at Module1_Home.RTO.VerifCityandRto(RTO.java:34)at Module1_Home.RTO.VerifCityandRto(RTO.java:34)at Module1_Home.RTO.VerifCityandRto(RTO.java:34)at Module1_Home.RTO.VerifCityandRto(RTO.java:34)at Module1_Home.RTO.VerifCityandRto(RTO.java:34)at Module1_Home.RTO.VerifCityandRto(RTO.java:34)at Module1_Home.RTO.VerifCityandRto(RTO.java:34)at Module1_Home.RTO.VerifCityandRto(RTO.java:34)at Module1_Home.RTO.VerifCityandRto(RTO.java:34)at Module1_Home.RTO.VerifCityandRto(RTO.java:34)at Module1_Home.RTO.VerifCityandRto(RTO.java:34)at Module1_Home.RTO.VerifCityandRto(RTO.java:34)at Module1_Home.RTO.VerifCityandRto(RTO.java:34)at Module1_Home.RTO.VerifCityandRto(RTO.java:34)at Module1_Home.RTO.VerifCityandRto(RTO.java:34)at Module1_Home.RTO.VerifCityandRto(RTO.java:34)at Module1_Home.RTO.VerifCityandRto(RTO.java:34)at Module1_Home.RTO.VerifCityandRto(RTO.java:34)at Module1_Home.RTO.VerifCityandRto(RTO.java:34)at Module1_Home.RTO.VerifCityandRto(RTO.java:34)at Module1_Home.RTO.VerifCityandRto(RTO.java:34)at Module1_Home.RTO.VerifCityandRto(RTO.java:34)at Module1_Home.RTO.VerifCityandRto(RTO.java:34)at Module1_Home.RTO.VerifCityandRto(RTO.java:34)at Module1_Home.RTO.VerifCityandRto(RTO.java:34)at Module1_Home.RTO.VerifCityandRto(RTO.java:34)at Module1_Home.RTO.VerifCityandRto(RTO.java:34)at Module1_Home.RTO.VerifCityandRto(RTO.java:34)at Module1_Home.RTO.VerifCityandRto(RTO.java:34)at Module1_Home.RTO.VerifCityandRto(RTO.java:34)at Module1_Home.RTO.VerifCityandRto(RTO.java:34)at Module1_Home.RTO.VerifCityandRto(RTO.java:34)at Module1_Home.RTO.VerifCityandRto(RTO.java:34)at Module1_Home.RTO.VerifCityandRto(RTO.java:34)at Module1_Home.RTO.VerifCityandRto(RTO.java:34)at Module1_Home.RTO.VerifCityandRto(RTO.java:34)at Module1_Home.RTO.VerifCityandRto(RTO.java:34)at Module1_Home.RTO.VerifCityandRto(RTO.java:34)at Module1_Home.RTO.VerifCityandRto(RTO.java:34)at Module1_Home.RTO.VerifCityandRto(RTO.java:34)at Module1_Home.RTO.VerifCityandRto(RTO.java:34)at Module1_Home.RTO.VerifCityandRto(RTO.java:34)at Module1_Home.RTO.VerifCityandRto(RTO.java:34)at Module1_Home.RTO.VerifCityandRto(RTO.java:34)at Module1_Home.RTO.VerifCityandRto(RTO.java:34)at Module1_Home.RTO.VerifCityandRto(RTO.java:34)at Module1_Home.RTO.VerifCityandRto(RTO.java:34)at Module1_Home.RTO.VerifCityandRto(RTO.java:34)at Module1_Home.RTO.VerifCityandRto(RTO.java:34)at Module1_Home.RTO.VerifCityandRto(RTO.java:34)at Module1_Home.RTO.VerifCityandRto(RTO.java:34)at Module1_Home.RTO.VerifCityandRto(RTO.java:34)at Module1_Home.RTO.VerifCityandRto(RTO.java:34)at Module1_Home.RTO.VerifCityandRto(RTO.java:34)at Module1_Home.RTO.VerifCityandRto(RTO.java:34)at Module1_Home.RTO.VerifCityandRto(RTO.java:34)at Module1_Home.RTO.VerifCityandRto(RTO.java:34)at Module1_Home.RTO.VerifCityandRto(RTO.java:34)at Module1_Home.RTO.VerifCityandRto(RTO.java:34)at Module1_Home.RTO.VerifCityandRto(RTO.java:34)at Module1_Home.RTO.VerifCityandRto(RTO.java:34)at Module1_Home.RTO.VerifCityandRto(RTO.java:34)at Module1_Home.RTO.VerifCityandRto(RTO.java:34)at Module1_Home.RTO.VerifCityandRto(RTO.java:34)at Module1_Home.RTO.VerifCityandRto(RTO.java:34)at Module1_Home.RTO.VerifCityandRto(RTO.java:34)at Module1_Home.RTO.VerifCityandRto(RTO.java:34)at Module1_Home.RTO.VerifCityandRto(RTO.java:34)at Module1_Home.RTO.VerifCityandRto(RTO.java:34)at Module1_Home.RTO.VerifCityandRto(RTO.java:34)at Module1_Home.RTO.VerifCityandRto(RTO.java:34)at Module1_Home.RTO.VerifCityandRto(RTO.java:34)at Module1_Home.RTO.VerifCityandRto(RTO.java:34)at Module1_Home.RTO.VerifCityandRto(RTO.java:34)at Module1_Home.RTO.VerifCityandRto(RTO.java:34)at Module1_Home.RTO.VerifCityandRto(RTO.java:34)at Module1_Home.RTO.VerifCityandRto(RTO.java:34)at Module1_Home.RTO.VerifCityandRto(RTO.java:34)at Module1_Home.RTO.VerifCityandRto(RTO.java:34)at Module1_Home.RTO.VerifCityandRto(RTO.java:34)at Module1_Home.RTO.VerifCityandRto(RTO.java:34)at Module1_Home.RTO.VerifCityandRto(RTO.java:34)at Module1_Home.RTO.VerifCityandRto(RTO.java:34)at Module1_Home.RTO.VerifCityandRto(RTO.java:34)at Module1_Home.RTO.VerifCityandRto(RTO.java:34)at Module1_Home.RTO.VerifCityandRto(RTO.java:34)at Module1_Home.RTO.VerifCityandRto(RTO.java:34)at Module1_Home.RTO.VerifCityandRto(RTO.java:34)at Module1_Home.RTO.VerifCityandRto(RTO.java:34)at Module1_Home.RTO.VerifCityandRto(RTO.java:34)at Module1_Home.RTO.VerifCityandRto(RTO.java:34)at Module1_Home.RTO.VerifCityandRto(RTO.java:34)at Module1_Home.RTO.VerifCityandRto(RTO.java:34)at Module1_Home.RTO.VerifCityandRto(RTO.java:34)at Module1_Home.RTO.VerifCityandRto(RTO.java:34)at Module1_Home.RTO.VerifCityandRto(RTO.java:34)at Module1_Home.RTO.VerifCityandRto(RTO.java:34)at Module1_Home.RTO.VerifCityandRto(RTO.java:34)at Module1_Home.RTO.VerifCityandRto(RTO.java:34)at Module1_Home.RTO.VerifCityandRto(RTO.java:34)at Module1_Home.RTO.VerifCityandRto(RTO.java:34)at Module1_Home.RTO.VerifCityandRto(RTO.java:34)at Module1_Home.RTO.VerifCityandRto(RTO.java:34)at Module1_Home.RTO.VerifCityandRto(RTO.java:34)at Module1_Home.RTO.VerifCityandRto(RTO.java:34)at Module1_Home.RTO.VerifCityandRto(RTO.java:34)at Module1_Home.RTO.VerifCityandRto(RTO.java:34)at Module1_Home.RTO.VerifCityandRto(RTO.java:34)at Module1_Home.RTO.VerifCityandRto(RTO.java:34)at Module1_Home.RTO.VerifCityandRto(RTO.java:34)at Module1_Home.RTO.VerifCityandRto(RTO.java:34)at Module1_Home.RTO.VerifCityandRto(RTO.java:34)at Module1_Home.RTO.VerifCityandRto(RTO.java:34)at Module1_Home.RTO.VerifCityandRto(RTO.java:34)at Module1_Home.RTO.VerifCityandRto(RTO.java:34)at Module1_Home.RTO.VerifCityandRto(RTO.java:34)at Module1_Home.RTO.VerifCityandRto(RTO.java:34)at Module1_Home.RTO.VerifCityandRto(RTO.java:34)at Module1_Home.RTO.VerifCityandRto(RTO.java:34)at Module1_Home.RTO.VerifCityandRto(RTO.java:34)at Module1_Home.RTO.VerifCityandRto(RTO.java:34)at Module1_Home.RTO.VerifCityandRto(RTO.java:34)at Module1_Home.RTO.VerifCityandRto(RTO.java:34)at Module1_Home.RTO.VerifCityandRto(RTO.java:34)at Module1_Home.RTO.VerifCityandRto(RTO.java:34)at Module1_Home.RTO.VerifCityandRto(RTO.java:34)at Module1_Home.RTO.VerifCityandRto(RTO.java:34)at Module1_Home.RTO.VerifCityandRto(RTO.java:34)at Module1_Home.RTO.VerifCityandRto(RTO.java:34)at Module1_Home.RTO.VerifCityandRto(RTO.java:34)at Module1_Home.RTO.VerifCityandRto(RTO.java:34)at Module1_Home.RTO.VerifCityandRto(RTO.java:34)at Module1_Home.RTO.VerifCityandRto(RTO.java:34)at Module1_Home.RTO.VerifCityandRto(RTO.java:34)at Module1_Home.RTO.VerifCityandRto(RTO.java:34)at Module1_Home.RTO.VerifCityandRto(RTO.java:34)at Module1_Home.RTO.VerifCityandRto(RTO.java:34)at Module1_Home.RTO.VerifCityandRto(RTO.java:34)at Module1_Home.RTO.VerifCityandRto(RTO.java:34)at Module1_Home.RTO.VerifCityandRto(RTO.java:34)at Module1_Home.RTO.VerifCityandRto(RTO.java:34)at Module1_Home.RTO.VerifCityandRto(RTO.java:34)at Module1_Home.RTO.VerifCityandRto(RTO.java:34)at Module1_Home.RTO.VerifCityandRto(RTO.java:34)at Module1_Home.RTO.VerifCityandRto(RTO.java:34)at Module1_Home.RTO.VerifCityandRto(RTO.java:34)at Module1_Home.RTO.VerifCityandRto(RTO.java:34)at Module1_Home.RTO.VerifCityandRto(RTO.java:34)at Module1_Home.RTO.VerifCityandRto(RTO.java:34)at Module1_Home.RTO.VerifCityandRto(RTO.java:34)at Module1_Home.RTO.VerifCityandRto(RTO.java:34)at Module1_Home.RTO.VerifCityandRto(RTO.java:34)at Module1_Home.RTO.VerifCityandRto(RTO.java:34)at Module1_Home.RTO.VerifCityandRto(RTO.java:34)at Module1_Home.RTO.VerifCityandRto(RTO.java:34)at Module1_Home.RTO.VerifCityandRto(RTO.java:34)at Module1_Home.RTO.VerifCityandRto(RTO.java:34)at Module1_Home.RTO.VerifCityandRto(RTO.java:34)at Module1_Home.RTO.VerifCityandRto(RTO.java:34)at Module1_Home.RTO.VerifCityandRto(RTO.java:34)at Module1_Home.RTO.VerifCityandRto(RTO.java:34)at Module1_Home.RTO.VerifCityandRto(RTO.java:34)at Module1_Home.RTO.VerifCityandRto(RTO.java:34)at Module1_Home.RTO.VerifCityandRto(RTO.java:34)at Module1_Home.RTO.VerifCityandRto(RTO.java:34)at Module1_Home.RTO.VerifCityandRto(RTO.java:34)at Module1_Home.RTO.VerifCityandRto(RTO.java:34)at Module1_Home.RTO.VerifCityandRto(RTO.java:34)at Module1_Home.RTO.VerifCityandRto(RTO.java:34)at Module1_Home.RTO.VerifCityandRto(RTO.java:34)at Module1_Home.RTO.VerifCityandRto(RTO.java:34)at Module1_Home.RTO.VerifCityandRto(RTO.java:34)at Module1_Home.RTO.VerifCityandRto(RTO.java:34)at Module1_Home.RTO.VerifCityandRto(RTO.java:34)at Module1_Home.RTO.VerifCityandRto(RTO.java:34)at Module1_Home.RTO.VerifCityandRto(RTO.java:34)at Module1_Home.RTO.VerifCityandRto(RTO.java:34)at Module1_Home.RTO.VerifCityandRto(RTO.java:34)at Module1_Home.RTO.VerifCityandRto(RTO.java:34)at Module1_Home.RTO.VerifCityandRto(RTO.java:34)at Module1_Home.RTO.VerifCityandRto(RTO.java:34)at Module1_Home.RTO.VerifCityandRto(RTO.java:34)at Module1_Home.RTO.VerifCityandRto(RTO.java:34)at Module1_Home.RTO.VerifCityandRto(RTO.java:34)at Module1_Home.RTO.VerifCityandRto(RTO.java:34)at Module1_Home.RTO.VerifCityandRto(RTO.java:34)at Module1_Home.RTO.VerifCityandRto(RTO.java:34)at Module1_Home.RTO.VerifCityandRto(RTO.java:34)at Module1_Home.RTO.VerifCityandRto(RTO.java:34)at Module1_Home.RTO.VerifCityandRto(RTO.java:34)at Module1_Home.RTO.VerifCityandRto(RTO.java:34)at Module1_Home.RTO.VerifCityandRto(RTO.java:34)at Module1_Home.RTO.VerifCityandRto(RTO.java:34)at Module1_Home.RTO.VerifCityandRto(RTO.java:34)at Module1_Home.RTO.VerifCityandRto(RTO.java:34)at Module1_Home.RTO.VerifCityandRto(RTO.java:34)at Module1_Home.RTO.VerifCityandRto(RTO.java:34)at Module1_Home.RTO.VerifCityandRto(RTO.java:34)at Module1_Home.RTO.VerifCityandRto(RTO.java:34)at Module1_Home.RTO.VerifCityandRto(RTO.java:34)at Module1_Home.RTO.VerifCityandRto(RTO.java:34)at Module1_Home.RTO.VerifCityandRto(RTO.java:34)at Module1_Home.RTO.VerifCityandRto(RTO.java:34)at Module1_Home.RTO.VerifCityandRto(RTO.java:34)at Module1_Home.RTO.VerifCityandRto(RTO.java:34)at Module1_Home.RTO.VerifCityandRto(RTO.java:34)at Module1_Home.RTO.VerifCityandRto(RTO.java:34)at Module1_Home.RTO.VerifCityandRto(RTO.java:34)at Module1_Home.RTO.VerifCityandRto(RTO.java:34)at Module1_Home.RTO.VerifCityandRto(RTO.java:34)at Module1_Home.RTO.VerifCityandRto(RTO.java:34)at Module1_Home.RTO.VerifCityandRto(RTO.java:34)at Module1_Home.RTO.VerifCityandRto(RTO.java:34)at Module1_Home.RTO.VerifCityandRto(RTO.java:34)at Module1_Home.RTO.VerifCityandRto(RTO.java:34)at Module1_Home.RTO.VerifCityandRto(RTO.java:34)at Module1_Home.RTO.VerifCityandRto(RTO.java:34)at Module1_Home.RTO.VerifCityandRto(RTO.java:34)at Module1_Home.RTO.VerifCityandRto(RTO.java:34)at Module1_Home.RTO.VerifCityandRto(RTO.java:34)at Module1_Home.RTO.VerifCityandRto(RTO.java:34)at Module1_Home.RTO.VerifCityandRto(RTO.java:34)at Module1_Home.RTO.VerifCityandRto(RTO.java:34)at Module1_Home.RTO.VerifCityandRto(RTO.java:34)at Module1_Home.RTO.VerifCityandRto(RTO.java:34)at Module1_Home.RTO.VerifCityandRto(RTO.java:34)at Module1_Home.RTO.VerifCityandRto(RTO.java:34)at Module1_Home.RTO.VerifCityandRto(RTO.java:34)at Module1_Home.RTO.VerifCityandRto(RTO.java:34)at Module1_Home.RTO.VerifCityandRto(RTO.java:34)at Module1_Home.RTO.VerifCityandRto(RTO.java:34)at Module1_Home.RTO.VerifCityandRto(RTO.java:34)at Module1_Home.RTO.VerifCityandRto(RTO.java:34)at Module1_Home.RTO.VerifCityandRto(RTO.java:34)at Module1_Home.RTO.VerifCityandRto(RTO.java:34)at Module1_Home.RTO.VerifCityandRto(RTO.java:34)at Module1_Home.RTO.VerifCityandRto(RTO.java:34)at Module1_Home.RTO.VerifCityandRto(RTO.java:34)at Module1_Home.RTO.VerifCityandRto(RTO.java:34)at Module1_Home.RTO.VerifCityandRto(RTO.java:34)at Module1_Home.RTO.VerifCityandRto(RTO.java:34)at Module1_Home.RTO.VerifCityandRto(RTO.java:34)at Module1_Home.RTO.VerifCityandRto(RTO.java:34)at Module1_Home.RTO.VerifCityandRto(RTO.java:34)at Module1_Home.RTO.VerifCityandRto(RTO.java:34)at Module1_Home.RTO.VerifCityandRto(RTO.java:34)at Module1_Home.RTO.VerifCityandRto(RTO.java:34)at Module1_Home.RTO.VerifCityandRto(RTO.java:34)at Module1_Home.RTO.VerifCityandRto(RTO.java:34)at Module1_Home.RTO.VerifCityandRto(RTO.java:34)at Module1_Home.RTO.VerifCityandRto(RTO.java:34)at Module1_Home.RTO.VerifCityandRto(RTO.java:34)at Module1_Home.RTO.VerifCityandRto(RTO.java:34)at Module1_Home.RTO.VerifCityandRto(RTO.java:34)at Module1_Home.RTO.VerifCityandRto(RTO.java:34)at Module1_Home.RTO.VerifCityandRto(RTO.java:34)at Module1_Home.RTO.VerifCityandRto(RTO.java:34)at Module1_Home.RTO.VerifCityandRto(RTO.java:34)at Module1_Home.RTO.VerifCityandRto(RTO.java:34)at Module1_Home.RTO.VerifCityandRto(RTO.java:34)at Module1_Home.RTO.VerifCityandRto(RTO.java:34)at Module1_Home.RTO.VerifCityandRto(RTO.java:34)at Module1_Home.RTO.VerifCityandRto(RTO.java:34)at Module1_Home.RTO.VerifCityandRto(RTO.java:34)at Module1_Home.RTO.VerifCityandRto(RTO.java:34)at Module1_Home.RTO.VerifCityandRto(RTO.java:34)at Module1_Home.RTO.VerifCityandRto(RTO.java:34)at Module1_Home.RTO.VerifCityandRto(RTO.java:34)at Module1_Home.RTO.VerifCityandRto(RTO.java:34)at Module1_Home.RTO.VerifCityandRto(RTO.java:34)at Module1_Home.RTO.VerifCityandRto(RTO.java:34)at Module1_Home.RTO.VerifCityandRto(RTO.java:34)at Module1_Home.RTO.VerifCityandRto(RTO.java:34)at Module1_Home.RTO.VerifCityandRto(RTO.java:34)at Module1_Home.RTO.VerifCityandRto(RTO.java:34)at Module1_Home.RTO.VerifCityandRto(RTO.java:34)at Module1_Home.RTO.VerifCityandRto(RTO.java:34)at Module1_Home.RTO.VerifCityandRto(RTO.java:34)at Module1_Home.RTO.VerifCityandRto(RTO.java:34)at Module1_Home.RTO.VerifCityandRto(RTO.java:34)at Module1_Home.RTO.VerifCityandRto(RTO.java:34)at Module1_Home.RTO.VerifCityandRto(RTO.java:34)at Module1_Home.RTO.VerifCityandRto(RTO.java:34)at Module1_Home.RTO.VerifCityandRto(RTO.java:34)at Module1_Home.RTO.VerifCityandRto(RTO.java:34)at Module1_Home.RTO.VerifCityandRto(RTO.java:34)at Module1_Home.RTO.VerifCityandRto(RTO.java:34)at Module1_Home.RTO.VerifCityandRto(RTO.java:34)at Module1_Home.RTO.VerifCityandRto(RTO.java:34)at Module1_Home.RTO.VerifCityandRto(RTO.java:34)at Module1_Home.RTO.VerifCityandRto(RTO.java:34)at Module1_Home.RTO.VerifCityandRto(RTO.java:34)at Module1_Home.RTO.VerifCityandRto(RTO.java:34)at Module1_Home.RTO.VerifCityandRto(RTO.java:34)at Module1_Home.RTO.VerifCityandRto(RTO.java:34)at Module1_Home.RTO.VerifCityandRto(RTO.java:34)at Module1_Home.RTO.VerifCityandRto(RTO.java:34)at Module1_Home.RTO.VerifCityandRto(RTO.java:34)at Module1_Home.RTO.VerifCityandRto(RTO.java:34)at Module1_Home.RTO.VerifCityandRto(RTO.java:34)at Module1_Home.RTO.VerifCityandRto(RTO.java:34)at Module1_Home.RTO.VerifCityandRto(RTO.java:34)at Module1_Home.RTO.VerifCityandRto(RTO.java:34)at Module1_Home.RTO.VerifCityandRto(RTO.java:34)at Module1_Home.RTO.VerifCityandRto(RTO.java:34)at Module1_Home.RTO.VerifCityandRto(RTO.java:34)at Module1_Home.RTO.VerifCityandRto(RTO.java:34)at Module1_Home.RTO.VerifCityandRto(RTO.java:34)at Module1_Home.RTO.VerifCityandRto(RTO.java:34)at Module1_Home.RTO.VerifCityandRto(RTO.java:34)at Module1_Home.RTO.VerifCityandRto(RTO.java:34)at Module1_Home.RTO.VerifCityandRto(RTO.java:34)at Module1_Home.RTO.VerifCityandRto(RTO.java:34)at Module1_Home.RTO.VerifCityandRto(RTO.java:34)at Module1_Home.RTO.VerifCityandRto(RTO.java:34)at Module1_Home.RTO.VerifCityandRto(RTO.java:34)at Module1_Home.RTO.VerifCityandRto(RTO.java:34)at Module1_Home.RTO.VerifCityandRto(RTO.java:34)at Module1_Home.RTO.VerifCityandRto(RTO.java:34)at Module1_Home.RTO.VerifCityandRto(RTO.java:34)at Module1_Home.RTO.VerifCityandRto(RTO.java:34)at Module1_Home.RTO.VerifCityandRto(RTO.java:34)at Module1_Home.RTO.VerifCityandRto(RTO.java:34)at Module1_Home.RTO.VerifCityandRto(RTO.java:34)at Module1_Home.RTO.VerifCityandRto(RTO.java:34)at Module1_Home.RTO.VerifCityandRto(RTO.java:34)at Module1_Home.RTO.VerifCityandRto(RTO.java:34)at Module1_Home.RTO.VerifCityandRto(RTO.java:34)at Module1_Home.RTO.VerifCityandRto(RTO.java:34)at Module1_Home.RTO.VerifCityandRto(RTO.java:34)at Module1_Home.RTO.VerifCityandRto(RTO.java:34)at Module1_Home.RTO.VerifCityandRto(RTO.java:34)at Module1_Home.RTO.VerifCityandRto(RTO.java:34)at Module1_Home.RTO.VerifCityandRto(RTO.java:34)at Module1_Home.RTO.VerifCityandRto(RTO.java:34)at Module1_Home.RTO.VerifCityandRto(RTO.java:34)at Module1_Home.RTO.VerifCityandRto(RTO.java:34)at Module1_Home.RTO.VerifCityandRto(RTO.java:34)at Module1_Home.RTO.VerifCityandRto(RTO.java:34)at Module1_Home.RTO.VerifCityandRto(RTO.java:34)at Module1_Home.RTO.VerifCityandRto(RTO.java:34)at Module1_Home.RTO.VerifCityandRto(RTO.java:34)at Module1_Home.RTO.VerifCityandRto(RTO.java:34)at Module1_Home.RTO.VerifCityandRto(RTO.java:34)at Module1_Home.RTO.VerifCityandRto(RTO.java:34)at Module1_Home.RTO.VerifCityandRto(RTO.java:34)at Module1_Home.RTO.VerifCityandRto(RTO.java:34)at Module1_Home.RTO.VerifCityandRto(RTO.java:34)at Module1_Home.RTO.VerifCityandRto(RTO.java:34)at Module1_Home.RTO.VerifCityandRto(RTO.java:34)at Module1_Home.RTO.VerifCityandRto(RTO.java:34)at Module1_Home.RTO.VerifCityandRto(RTO.java:34)at Module1_Home.RTO.VerifCityandRto(RTO.java:34)at Module1_Home.RTO.VerifCityandRto(RTO.java:34)at Module1_Home.RTO.VerifCityandRto(RTO.java:34)at Module1_Home.RTO.VerifCityandRto(RTO.java:34)at Module1_Home.RTO.VerifCityandRto(RTO.java:34)at Module1_Home.RTO.VerifCityandRto(RTO.java:34)at Module1_Home.RTO.VerifCityandRto(RTO.java:34)at Module1_Home.RTO.VerifCityandRto(RTO.java:34)at Module1_Home.RTO.VerifCityandRto(RTO.java:34)at Module1_Home.RTO.VerifCityandRto(RTO.java:34)at Module1_Home.RTO.VerifCityandRto(RTO.java:34)at Module1_Home.RTO.VerifCityandRto(RTO.java:34)at Module1_Home.RTO.VerifCityandRto(RTO.java:34)at Module1_Home.RTO.VerifCityandRto(RTO.java:34)at Module1_Home.RTO.VerifCityandRto(RTO.java:34)at Module1_Home.RTO.VerifCityandRto(RTO.java:34)at Module1_Home.RTO.VerifCityandRto(RTO.java:34)at Module1_Home.RTO.VerifCityandRto(RTO.java:34)at Module1_Home.RTO.VerifCityandRto(RTO.java:34)at Module1_Home.RTO.VerifCityandRto(RTO.java:34)at Module1_Home.RTO.VerifCityandRto(RTO.java:34)at Module1_Home.RTO.VerifCityandRto(RTO.java:34)at Module1_Home.RTO.VerifCityandRto(RTO.java:34)at Module1_Home.RTO.VerifCityandRto(RTO.java:34)at Module1_Home.RTO.VerifCityandRto(RTO.java:34)at Module1_Home.RTO.VerifCityandRto(RTO.java:34)at Module1_Home.RTO.VerifCityandRto(RTO.java:34)at Module1_Home.RTO.VerifCityandRto(RTO.java:34)at Module1_Home.RTO.VerifCityandRto(RTO.java:34)at Module1_Home.RTO.VerifCityandRto(RTO.java:34)at Module1_Home.RTO.VerifCityandRto(RTO.java:34)at Module1_Home.RTO.VerifCityandRto(RTO.java:34)at Module1_Home.RTO.VerifCityandRto(RTO.java:34)at Module1_Home.RTO.VerifCityandRto(RTO.java:34)at Module1_Home.RTO.VerifCityandRto(RTO.java:34)at Module1_Home.RTO.VerifCityandRto(RTO.java:34)at Module1_Home.RTO.VerifCityandRto(RTO.java:34)at Module1_Home.RTO.VerifCityandRto(RTO.java:34)at Module1_Home.RTO.VerifCityandRto(RTO.java:34)at Module1_Home.RTO.VerifCityandRto(RTO.java:34)at Module1_Home.RTO.VerifCityandRto(RTO.java:34)at Module1_Home.RTO.VerifCityandRto(RTO.java:34)at Module1_Home.RTO.VerifCityandRto(RTO.java:34)at Module1_Home.RTO.VerifCityandRto(RTO.java:34)at Module1_Home.RTO.VerifCityandRto(RTO.java:34)at Module1_Home.RTO.VerifCityandRto(RTO.java:34)at Module1_Home.RTO.VerifCityandRto(RTO.java:34)at Module1_Home.RTO.VerifCityandRto(RTO.java:34)at Module1_Home.RTO.VerifCityandRto(RTO.java:34)at Module1_Home.RTO.VerifCityandRto(RTO.java:34)at Module1_Home.RTO.VerifCityandRto(RTO.java:34)at Module1_Home.RTO.VerifCityandRto(RTO.java:34)at Module1_Home.RTO.VerifCityandRto(RTO.java:34)at Module1_Home.RTO.VerifCityandRto(RTO.java:34)at Module1_Home.RTO.VerifCityandRto(RTO.java:34)at Module1_Home.RTO.VerifCityandRto(RTO.java:34)at Module1_Home.RTO.VerifCityandRto(RTO.java:34)at Module1_Home.RTO.VerifCityandRto(RTO.java:34)at Module1_Home.RTO.VerifCityandRto(RTO.java:34)at Module1_Home.RTO.VerifCityandRto(RTO.java:34)at Module1_Home.RTO.VerifCityandRto(RTO.java:34)at Module1_Home.RTO.VerifCityandRto(RTO.java:34)at Module1_Home.RTO.VerifCityandRto(RTO.java:34)at Module1_Home.RTO.VerifCityandRto(RTO.java:34)at Module1_Home.RTO.VerifCityandRto(RTO.java:34)at Module1_Home.RTO.VerifCityandRto(RTO.java:34)at Module1_Home.RTO.VerifCityandRto(RTO.java:34)at Module1_Home.RTO.VerifCityandRto(RTO.java:34)at Module1_Home.RTO.VerifCityandRto(RTO.java:34)at Module1_Home.RTO.VerifCityandRto(RTO.java:34)at Module1_Home.RTO.VerifCityandRto(RTO.java:34)at Module1_Home.RTO.VerifCityandRto(RTO.java:34)at Module1_Home.RTO.VerifCityandRto(RTO.java:34)at Module1_Home.RTO.VerifCityandRto(RTO.java:34)at Module1_Home.RTO.VerifCityandRto(RTO.java:34)at Module1_Home.RTO.VerifCityandRto(RTO.java:34)at Module1_Home.RTO.VerifCityandRto(RTO.java:34)at Module1_Home.RTO.VerifCityandRto(RTO.java:34)at Module1_Home.RTO.VerifCityandRto(RTO.java:34)at Module1_Home.RTO.VerifCityandRto(RTO.java:34)at Module1_Home.RTO.VerifCityandRto(RTO.java:34)at Module1_Home.RTO.VerifCityandRto(RTO.java:34)at Module1_Home.RTO.VerifCityandRto(RTO.java:34)at Module1_Home.RTO.VerifCityandRto(RTO.java:34)at Module1_Home.RTO.VerifCityandRto(RTO.java:34)at Module1_Home.RTO.VerifCityandRto(RTO.java:34)at Module1_Home.RTO.VerifCityandRto(RTO.java:34)at Module1_Home.RTO.VerifCityandRto(RTO.java:34)at Module1_Home.RTO.VerifCityandRto(RTO.java:34)at Module1_Home.RTO.VerifCityandRto(RTO.java:34)at Module1_Home.RTO.VerifCityandRto(RTO.java:34)at Module1_Home.RTO.VerifCityandRto(RTO.java:34)at Module1_Home.RTO.VerifCityandRto(RTO.java:34)at Module1_Home.RTO.VerifCityandRto(RTO.java:34)at Module1_Home.RTO.VerifCityandRto(RTO.java:34)at Module1_Home.RTO.VerifCityandRto(RTO.java:34)at Module1_Home.RTO.VerifCityandRto(RTO.java:34)at Module1_Home.RTO.VerifCityandRto(RTO.java:34)at Module1_Home.RTO.VerifCityandRto(RTO.java:34)at Module1_Home.RTO.VerifCityandRto(RTO.java:34)at Module1_Home.RTO.VerifCityandRto(RTO.java:34)at Module1_Home.RTO.VerifCityandRto(RTO.java:34)at Module1_Home.RTO.VerifCityandRto(RTO.java:34)at Module1_Home.RTO.VerifCityandRto(RTO.java:34)at Module1_Home.RTO.VerifCityandRto(RTO.java:34)at Module1_Home.RTO.VerifCityandRto(RTO.java:34)at Module1_Home.RTO.VerifCityandRto(RTO.java:34)at Module1_Home.RTO.VerifCityandRto(RTO.java:34)at Module1_Home.RTO.VerifCityandRto(RTO.java:34)at Module1_Home.RTO.VerifCityandRto(RTO.java:34)at Module1_Home.RTO.VerifCityandRto(RTO.java:34)at Module1_Home.RTO.VerifCityandRto(RTO.java:34)at Module1_Home.RTO.VerifCityandRto(RTO.java:34)at Module1_Home.RTO.VerifCityandRto(RTO.java:34)at Module1_Home.RTO.VerifCityandRto(RTO.java:34)at Module1_Home.RTO.VerifCityandRto(RTO.java:34)at Module1_Home.RTO.VerifCityandRto(RTO.java:34)at Module1_Home.RTO.VerifCityandRto(RTO.java:34)at Module1_Home.RTO.VerifCityandRto(RTO.java:34)at Module1_Home.RTO.VerifCityandRto(RTO.java:34)at Module1_Home.RTO.VerifCityandRto(RTO.java:34)at Module1_Home.RTO.VerifCityandRto(RTO.java:34)at Module1_Home.RTO.VerifCityandRto(RTO.java:34)at Module1_Home.RTO.VerifCityandRto(RTO.java:34)at Module1_Home.RTO.VerifCityandRto(RTO.java:34)at Module1_Home.RTO.VerifCityandRto(RTO.java:34)at Module1_Home.RTO.VerifCityandRto(RTO.java:34)at Module1_Home.RTO.VerifCityandRto(RTO.java:34)at Module1_Home.RTO.VerifCityandRto(RTO.java:34)at Module1_Home.RTO.VerifCityandRto(RTO.java:34)at Module1_Home.RTO.VerifCityandRto(RTO.java:34)at Module1_Home.RTO.VerifCityandRto(RTO.java:34)at Module1_Home.RTO.VerifCityandRto(RTO.java:34)at Module1_Home.RTO.VerifCityandRto(RTO.java:34)at Module1_Home.RTO.VerifCityandRto(RTO.java:34)at Module1_Home.RTO.VerifCityandRto(RTO.java:34)at Module1_Home.RTO.VerifCityandRto(RTO.java:34)at Module1_Home.RTO.VerifCityandRto(RTO.java:34)at Module1_Home.RTO.VerifCityandRto(RTO.java:34)at Module1_Home.RTO.VerifCityandRto(RTO.java:34)at Module1_Home.RTO.VerifCityandRto(RTO.java:34)at Module1_Home.RTO.VerifCityandRto(RTO.java:34)at Module1_Home.RTO.VerifCityandRto(RTO.java:34)at Module1_Home.RTO.VerifCityandRto(RTO.java:34)at Module1_Home.RTO.VerifCityandRto(RTO.java:34)at Module1_Home.RTO.VerifCityandRto(RTO.java:34)at Module1_Home.RTO.VerifCityandRto(RTO.java:34)at Module1_Home.RTO.VerifCityandRto(RTO.java:34)at Module1_Home.RTO.VerifCityandRto(RTO.java:34)at Module1_Home.RTO.VerifCityandRto(RTO.java:34)at Module1_Home.RTO.VerifCityandRto(RTO.java:34)at Module1_Home.RTO.VerifCityandRto(RTO.java:34)at Module1_Home.RTO.VerifCityandRto(RTO.java:34)at Module1_Home.RTO.VerifCityandRto(RTO.java:34)at Module1_Home.RTO.VerifCityandRto(RTO.java:34)at Module1_Home.RTO.VerifCityandRto(RTO.java:34)at Module1_Home.RTO.VerifCityandRto(RTO.java:34)at Module1_Home.RTO.VerifCityandRto(RTO.java:34)at Module1_Home.RTO.VerifCityandRto(RTO.java:34)at Module1_Home.RTO.VerifCityandRto(RTO.java:34)at Module1_Home.RTO.VerifCityandRto(RTO.java:34)at Module1_Home.RTO.VerifCityandRto(RTO.java:34)at Module1_Home.RTO.VerifCityandRto(RTO.java:34)at Module1_Home.RTO.VerifCityandRto(RTO.java:34)at Module1_Home.RTO.VerifCityandRto(RTO.java:34)at Module1_Home.RTO.VerifCityandRto(RTO.java:34)at Module1_Home.RTO.VerifCityandRto(RTO.java:34)at Module1_Home.RTO.VerifCityandRto(RTO.java:34)at Module1_Home.RTO.VerifCityandRto(RTO.java:34)at Module1_Home.RTO.VerifCityandRto(RTO.java:34)at Module1_Home.RTO.VerifCityandRto(RTO.java:34)at Module1_Home.RTO.VerifCityandRto(RTO.java:34)at Module1_Home.RTO.VerifCityandRto(RTO.java:34)at Module1_Home.RTO.VerifCityandRto(RTO.java:34)at Module1_Home.RTO.VerifCityandRto(RTO.java:34)at Module1_Home.RTO.VerifCityandRto(RTO.java:34)at Module1_Home.RTO.VerifCityandRto(RTO.java:34)at Module1_Home.RTO.VerifCityandRto(RTO.java:34)at Module1_Home.RTO.VerifCityandRto(RTO.java:34)at Module1_Home.RTO.VerifCityandRto(RTO.java:34)at Module1_Home.RTO.VerifCityandRto(RTO.java:34)at Module1_Home.RTO.VerifCityandRto(RTO.java:34)at Module1_Home.RTO.VerifCityandRto(RTO.java:34)at Module1_Home.RTO.VerifCityandRto(RTO.java:34)at Module1_Home.RTO.VerifCityandRto(RTO.java:34)at Module1_Home.RTO.VerifCityandRto(RTO.java:34)at Module1_Home.RTO.VerifCityandRto(RTO.java:34)at Module1_Home.RTO.VerifCityandRto(RTO.java:34)at Module1_Home.RTO.VerifCityandRto(RTO.java:34)at Module1_Home.RTO.VerifCityandRto(RTO.java:34)at Module1_Home.RTO.VerifCityandRto(RTO.java:34)at Module1_Home.RTO.VerifCityandRto(RTO.java:34)at Module1_Home.RTO.VerifCityandRto(RTO.java:34)at Module1_Home.RTO.VerifCityandRto(RTO.java:34)at Module1_Home.RTO.VerifCityandRto(RTO.java:34)at Module1_Home.RTO.VerifCityandRto(RTO.java:34)at Module1_Home.RTO.VerifCityandRto(RTO.java:34)at Module1_Home.RTO.VerifCityandRto(RTO.java:34)at Module1_Home.RTO.VerifCityandRto(RTO.java:34)at Module1_Home.RTO.VerifCityandRto(RTO.java:34)at Module1_Home.RTO.VerifCityandRto(RTO.java:34)at Module1_Home.RTO.VerifCityandRto(RTO.java:34)at Module1_Home.RTO.VerifCityandRto(RTO.java:34)at Module1_Home.RTO.VerifCityandRto(RTO.java:34)at Module1_Home.RTO.VerifCityandRto(RTO.java:34)at Module1_Home.RTO.VerifCityandRto(RTO.java:34)at Module1_Home.RTO.VerifCityandRto(RTO.java:34)at Module1_Home.RTO.VerifCityandRto(RTO.java:34)at Module1_Home.RTO.VerifCityandRto(RTO.java:34)at Module1_Home.RTO.VerifCityandRto(RTO.java:34)at Module1_Home.RTO.VerifCityandRto(RTO.java:34)at Module1_Home.RTO.VerifCityandRto(RTO.java:34)at Module1_Home.RTO.VerifCityandRto(RTO.java:34)at Module1_Home.RTO.VerifCityandRto(RTO.java:34)at Module1_Home.RTO.VerifCityandRto(RTO.java:34)at Module1_Home.RTO.VerifCityandRto(RTO.java:34)at Module1_Home.RTO.VerifCityandRto(RTO.java:34)at Module1_Home.RTO.VerifCityandRto(RTO.java:34)at Module1_Home.RTO.VerifCityandRto(RTO.java:34)at Module1_Home.RTO.VerifCityandRto(RTO.java:34)at Module1_Home.RTO.VerifCityandRto(RTO.java:34)at Module1_Home.RTO.VerifCityandRto(RTO.java:34)at Module1_Home.RTO.VerifCityandRto(RTO.java:34)at Module1_Home.RTO.VerifCityandRto(RTO.java:34)at Module1_Home.RTO.VerifCityandRto(RTO.java:34)at Module1_Home.RTO.VerifCityandRto(RTO.java:34)at Module1_Home.RTO.VerifCityandRto(RTO.java:34)at Module1_Home.RTO.VerifCityandRto(RTO.java:34)at Module1_Home.RTO.VerifCityandRto(RTO.java:34)at Module1_Home.RTO.VerifCityandRto(RTO.java:34)at Module1_Home.RTO.VerifCityandRto(RTO.java:34)at Module1_Home.RTO.VerifCityandRto(RTO.java:34)at Module1_Home.RTO.VerifCityandRto(RTO.java:34)at Module1_Home.RTO.VerifCityandRto(RTO.java:34)at Module1_Home.RTO.VerifCityandRto(RTO.java:34)at Module1_Home.RTO.VerifCityandRto(RTO.java:34)at Module1_Home.RTO.VerifCityandRto(RTO.java:34)at Module1_Home.RTO.VerifCityandRto(RTO.java:34)at Module1_Home.RTO.VerifCityandRto(RTO.java:34)at Module1_Home.RTO.VerifCityandRto(RTO.java:34)at Module1_Home.RTO.VerifCityandRto(RTO.java:34)at Module1_Home.RTO.VerifCityandRto(RTO.java:34)at Module1_Home.RTO.VerifCityandRto(RTO.java:34)at Module1_Home.RTO.VerifCityandRto(RTO.java:34)at Module1_Home.RTO.VerifCityandRto(RTO.java:34)at Module1_Home.RTO.VerifCityandRto(RTO.java:34)at Module1_Home.RTO.VerifCityandRto(RTO.java:34)at Module1_Home.RTO.VerifCityandRto(RTO.java:34)at Module1_Home.RTO.VerifCityandRto(RTO.java:34)at Module1_Home.RTO.VerifCityandRto(RTO.java:34)at Module1_Home.RTO.VerifCityandRto(RTO.java:34)at Module1_Home.RTO.VerifCityandRto(RTO.java:34)at Module1_Home.RTO.VerifCityandRto(RTO.java:34)at Module1_Home.RTO.VerifCityandRto(RTO.java:34)at Module1_Home.RTO.VerifCityandRto(RTO.java:34)at Module1_Home.RTO.VerifCityandRto(RTO.java:34)at Module1_Home.RTO.VerifCityandRto(RTO.java:34)at Module1_Home.RTO.VerifCityandRto(RTO.java:34)at Module1_Home.RTO.VerifCityandRto(RTO.java:34)at Module1_Home.RTO.VerifCityandRto(RTO.java:34)at Module1_Home.RTO.VerifCityandRto(RTO.java:34)at Module1_Home.RTO.VerifCityandRto(RTO.java:34)at Module1_Home.RTO.VerifCityandRto(RTO.java:34)at Module1_Home.RTO.VerifCityandRto(RTO.java:34)at Module1_Home.RTO.VerifCityandRto(RTO.java:34)at Module1_Home.RTO.VerifCityandRto(RTO.java:34)at Module1_Home.RTO.VerifCityandRto(RTO.java:34)at Module1_Home.RTO.VerifCityandRto(RTO.java:34)at Module1_Home.RTO.VerifCityandRto(RTO.java:34)at Module1_Home.RTO.VerifCityandRto(RTO.java:34)at Module1_Home.RTO.VerifCityandRto(RTO.java:34)at Module1_Home.RTO.VerifCityandRto(RTO.java:34)at Module1_Home.RTO.VerifCityandRto(RTO.java:34)at Module1_Home.RTO.VerifCityandRto(RTO.java:34)at Module1_Home.RTO.VerifCityandRto(RTO.java:34)at Module1_Home.RTO.VerifCityandRto(RTO.java:34)at Module1_Home.RTO.VerifCityandRto(RTO.java:34)at Module1_Home.RTO.VerifCityandRto(RTO.java:34)at Module1_Home.RTO.VerifCityandRto(RTO.java:34)at Module1_Home.RTO.VerifCityandRto(RTO.java:34)at Module1_Home.RTO.VerifCityandRto(RTO.java:34)at Module1_Home.RTO.VerifCityandRto(RTO.java:34)at Module1_Home.RTO.VerifCityandRto(RTO.java:34)at Module1_Home.RTO.VerifCityandRto(RTO.java:34)at Module1_Home.RTO.VerifCityandRto(RTO.java:34)at Module1_Home.RTO.VerifCityandRto(RTO.java:34)at Module1_Home.RTO.VerifCityandRto(RTO.java:34)at Module1_Home.RTO.VerifCityandRto(RTO.java:34)at Module1_Home.RTO.VerifCityandRto(RTO.java:34)at Module1_Home.RTO.VerifCityandRto(RTO.java:34)at Module1_Home.RTO.VerifCityandRto(RTO.java:34)at Module1_Home.RTO.VerifCityandRto(RTO.java:34)at Module1_Home.RTO.VerifCityandRto(RTO.java:34)at Module1_Home.RTO.VerifCityandRto(RTO.java:34)at Module1_Home.RTO.VerifCityandRto(RTO.java:34)at Module1_Home.RTO.VerifCityandRto(RTO.java:34)at Module1_Home.RTO.VerifCityandRto(RTO.java:34)at Module1_Home.RTO.VerifCityandRto(RTO.java:34)at Module1_Home.RTO.VerifCityandRto(RTO.java:34)at Module1_Home.RTO.VerifCityandRto(RTO.java:34)at Module1_Home.RTO.VerifCityandRto(RTO.java:34)at Module1_Home.RTO.VerifCityandRto(RTO.java:34)at Module1_Home.RTO.VerifCityandRto(RTO.java:34)at Module1_Home.RTO.VerifCityandRto(RTO.java:34)at Module1_Home.RTO.VerifCityandRto(RTO.java:34)at Module1_Home.RTO.VerifCityandRto(RTO.java:34)at Module1_Home.RTO.VerifCityandRto(RTO.java:34)at Module1_Home.RTO.VerifCityandRto(RTO.java:34)at Module1_Home.RTO.VerifCityandRto(RTO.java:34)at Module1_Home.RTO.VerifCityandRto(RTO.java:34)at Module1_Home.RTO.VerifCityandRto(RTO.java:34)at Module1_Home.RTO.VerifCityandRto(RTO.java:34)at Module1_Home.RTO.VerifCityandRto(RTO.java:34)at Module1_Home.RTO.VerifCityandRto(RTO.java:34)at Module1_Home.RTO.VerifCityandRto(RTO.java:34)at Module1_Home.RTO.VerifCityandRto(RTO.java:34)at Module1_Home.RTO.VerifCityandRto(RTO.java:34)at Module1_Home.RTO.VerifCityandRto(RTO.java:34)at Module1_Home.RTO.VerifCityandRto(RTO.java:34)at Module1_Home.RTO.VerifCityandRto(RTO.java:34)at Module1_Home.RTO.VerifCityandRto(RTO.java:34)at Module1_Home.RTO.VerifCityandRto(RTO.java:34)at Module1_Home.RTO.VerifCityandRto(RTO.java:34)at Module1_Home.RTO.VerifCityandRto(RTO.java:34)at Module1_Home.RTO.VerifCityandRto(RTO.java:34)at Module1_Home.RTO.VerifCityandRto(RTO.java:34)at Module1_Home.RTO.VerifCityandRto(RTO.java:34)at Module1_Home.RTO.VerifCityandRto(RTO.java:34)at Module1_Home.RTO.VerifCityandRto(RTO.java:34)at Module1_Home.RTO.VerifCityandRto(RTO.java:34)at Module1_Home.RTO.VerifCityandRto(RTO.java:34)at Module1_Home.RTO.VerifCityandRto(RTO.java:34)at Module1_Home.RTO.VerifCityandRto(RTO.java:34)at Module1_Home.RTO.VerifCityandRto(RTO.java:34)at Module1_Home.RTO.VerifCityandRto(RTO.java:34)at Module1_Home.RTO.VerifCityandRto(RTO.java:34)at Module1_Home.RTO.VerifCityandRto(RTO.java:34)at Module1_Home.RTO.VerifCityandRto(RTO.java:34)]]>
    </failure>
  </testcase> <!-- Verify -->
</testsuite> <!-- Default test -->
