<?xml version="1.0" encoding="UTF-8"?>
<testng-results skipped="0" failed="1" ignored="0" total="1" passed="0">
  <reporter-output>
  </reporter-output>
  <suite name="Default suite" duration-ms="328681" started-at="2023-02-27T13:54:24Z" finished-at="2023-02-27T13:59:53Z">
    <groups>
    </groups>
    <test name="Default test" duration-ms="328681" started-at="2023-02-27T13:54:24Z" finished-at="2023-02-27T13:59:53Z">
      <class name="Module_Home_TestClasses.Insurance_TestNG_TestClass">
        <test-method status="PASS" signature="OpenBrowser()[pri:0, instance:Module_Home_TestClasses.Insurance_TestNG_TestClass@21213b92]" name="OpenBrowser" is-config="true" duration-ms="17224" started-at="2023-02-27T19:24:24Z" finished-at="2023-02-27T19:24:42Z">
          <reporter-output>
          </reporter-output>
        </test-method> <!-- OpenBrowser -->
        <test-method status="PASS" signature="loginToApp()[pri:0, instance:Module_Home_TestClasses.Insurance_TestNG_TestClass@21213b92]" name="loginToApp" is-config="true" duration-ms="0" started-at="2023-02-27T19:24:42Z" finished-at="2023-02-27T19:24:42Z">
          <reporter-output>
          </reporter-output>
        </test-method> <!-- loginToApp -->
        <test-method status="FAIL" signature="Verify()[pri:0, instance:Module_Home_TestClasses.Insurance_TestNG_TestClass@21213b92]" name="Verify" duration-ms="295196" started-at="2023-02-27T19:24:42Z" finished-at="2023-02-27T19:29:37Z">
          <exception class="java.lang.StackOverflowError">
            <full-stacktrace>
              <![CDATA[java.lang.StackOverflowErrorat org.openqa.selenium.SharedCapabilitiesMethods.toString(SharedCapabilitiesMethods.java:77)at org.openqa.selenium.ImmutableCapabilities.toString(ImmutableCapabilities.java:195)at org.openqa.selenium.remote.RemoteWebDriver.populateWebDriverException(RemoteWebDriver.java:593)at org.openqa.selenium.remote.RemoteWebDriver.execute(RemoteWebDriver.java:570)at org.openqa.selenium.remote.ElementLocation$ElementFinder$2.findElement(ElementLocation.java:162)at org.openqa.selenium.remote.ElementLocation.findElement(ElementLocation.java:60)at org.openqa.selenium.remote.RemoteWebDriver.findElement(RemoteWebDriver.java:352)at org.openqa.selenium.remote.RemoteWebDriver.findElement(RemoteWebDriver.java:344)at org.openqa.selenium.support.pagefactory.DefaultElementLocator.findElement(DefaultElementLocator.java:70)at org.openqa.selenium.support.pagefactory.internal.LocatingElementHandler.invoke(LocatingElementHandler.java:39)at com.sun.proxy.$Proxy16.getText(Unknown Source)at Module1_Home.RTO.VerifCityandRto(RTO.java:32)at Module1_Home.RTO.VerifCityandRto(RTO.java:34)at Module1_Home.RTO.VerifCityandRto(RTO.java:34)at Module1_Home.RTO.VerifCityandRto(RTO.java:34)at Module1_Home.RTO.VerifCityandRto(RTO.java:34)at Module1_Home.RTO.VerifCityandRto(RTO.java:34)at Module1_Home.RTO.VerifCityandRto(RTO.java:34)at Module1_Home.RTO.VerifCityandRto(RTO.java:34)at Module1_Home.RTO.VerifCityandRto(RTO.java:34)at Module1_Home.RTO.VerifCityandRto(RTO.java:34)at Module1_Home.RTO.VerifCityandRto(RTO.java:34)at Module1_Home.RTO.VerifCityandRto(RTO.java:34)at Module1_Home.RTO.VerifCityandRto(RTO.java:34)at Module1_Home.RTO.VerifCityandRto(RTO.java:34)at Module1_Home.RTO.VerifCityandRto(RTO.java:34)at Module1_Home.RTO.VerifCityandRto(RTO.java:34)at Module1_Home.RTO.VerifCityandRto(RTO.java:34)at Module1_Home.RTO.VerifCityandRto(RTO.java:34)at Module1_Home.RTO.VerifCityandRto(RTO.java:34)at Module1_Home.RTO.VerifCityandRto(RTO.java:34)at Module1_Home.RTO.VerifCityandRto(RTO.java:34)at Module1_Home.RTO.VerifCityandRto(RTO.java:34)at Module1_Home.RTO.VerifCityandRto(RTO.java:34)at Module1_Home.RTO.VerifCityandRto(RTO.java:34)at Module1_Home.RTO.VerifCityandRto(RTO.java:34)at Module1_Home.RTO.VerifCityandRto(RTO.java:34)at Module1_Home.RTO.VerifCityandRto(RTO.java:34)at Module1_Home.RTO.VerifCityandRto(RTO.java:34)at Module1_Home.RTO.VerifCityandRto(RTO.java:34)at Module1_Home.RTO.VerifCityandRto(RTO.java:34)at Module1_Home.RTO.VerifCityandRto(RTO.java:34)at Module1_Home.RTO.VerifCityandRto(RTO.java:34)at Module1_Home.RTO.VerifCityandRto(RTO.java:34)at Module1_Home.RTO.VerifCityandRto(RTO.java:34)at Module1_Home.RTO.VerifCityandRto(RTO.java:34)at Module1_Home.RTO.VerifCityandRto(RTO.java:34)at Module1_Home.RTO.VerifCityandRto(RTO.java:34)at Module1_Home.RTO.VerifCityandRto(RTO.java:34)at Module1_Home.RTO.VerifCityandRto(RTO.java:34)at Module1_Home.RTO.VerifCityandRto(RTO.java:34)at Module1_Home.RTO.VerifCityandRto(RTO.java:34)at Module1_Home.RTO.VerifCityandRto(RTO.java:34)at Module1_Home.RTO.VerifCityandRto(RTO.java:34)at Module1_Home.RTO.VerifCityandRto(RTO.java:34)at Module1_Home.RTO.VerifCityandRto(RTO.java:34)at Module1_Home.RTO.VerifCityandRto(RTO.java:34)at Module1_Home.RTO.VerifCityandRto(RTO.java:34)at Module1_Home.RTO.VerifCityandRto(RTO.java:34)at Module1_Home.RTO.VerifCityandRto(RTO.java:34)at Module1_Home.RTO.VerifCityandRto(RTO.java:34)at Module1_Home.RTO.VerifCityandRto(RTO.java:34)at Module1_Home.RTO.VerifCityandRto(RTO.java:34)at Module1_Home.RTO.VerifCityandRto(RTO.java:34)at Module1_Home.RTO.VerifCityandRto(RTO.java:34)at Module1_Home.RTO.VerifCityandRto(RTO.java:34)at Module1_Home.RTO.VerifCityandRto(RTO.java:34)at Module1_Home.RTO.VerifCityandRto(RTO.java:34)at Module1_Home.RTO.VerifCityandRto(RTO.java:34)at Module1_Home.RTO.VerifCityandRto(RTO.java:34)at Module1_Home.RTO.VerifCityandRto(RTO.java:34)at Module1_Home.RTO.VerifCityandRto(RTO.java:34)at Module1_Home.RTO.VerifCityandRto(RTO.java:34)at Module1_Home.RTO.VerifCityandRto(RTO.java:34)at Module1_Home.RTO.VerifCityandRto(RTO.java:34)at Module1_Home.RTO.VerifCityandRto(RTO.java:34)at Module1_Home.RTO.VerifCityandRto(RTO.java:34)at Module1_Home.RTO.VerifCityandRto(RTO.java:34)at Module1_Home.RTO.VerifCityandRto(RTO.java:34)at Module1_Home.RTO.VerifCityandRto(RTO.java:34)at Module1_Home.RTO.VerifCityandRto(RTO.java:34)at Module1_Home.RTO.VerifCityandRto(RTO.java:34)at Module1_Home.RTO.VerifCityandRto(RTO.java:34)at Module1_Home.RTO.VerifCityandRto(RTO.java:34)at Module1_Home.RTO.VerifCityandRto(RTO.java:34)at Module1_Home.RTO.VerifCityandRto(RTO.java:34)at Module1_Home.RTO.VerifCityandRto(RTO.java:34)at Module1_Home.RTO.VerifCityandRto(RTO.java:34)at Module1_Home.RTO.VerifCityandRto(RTO.java:34)at Module1_Home.RTO.VerifCityandRto(RTO.java:34)at Module1_Home.RTO.VerifCityandRto(RTO.java:34)at Module1_Home.RTO.VerifCityandRto(RTO.java:34)at Module1_Home.RTO.VerifCityandRto(RTO.java:34)at Module1_Home.RTO.VerifCityandRto(RTO.java:34)at Module1_Home.RTO.VerifCityandRto(RTO.java:34)at Module1_Home.RTO.VerifCityandRto(RTO.java:34)at Module1_Home.RTO.VerifCityandRto(RTO.java:34)at Module1_Home.RTO.VerifCityandRto(RTO.java:34)at Module1_Home.RTO.VerifCityandRto(RTO.java:34)at Module1_Home.RTO.VerifCityandRto(RTO.java:34)at Module1_Home.RTO.VerifCityandRto(RTO.java:34)at Module1_Home.RTO.VerifCityandRto(RTO.java:34)at Module1_Home.RTO.VerifCityandRto(RTO.java:34)at Module1_Home.RTO.VerifCityandRto(RTO.java:34)at Module1_Home.RTO.VerifCityandRto(RTO.java:34)at Module1_Home.RTO.VerifCityandRto(RTO.java:34)at Module1_Home.RTO.VerifCityandRto(RTO.java:34)at Module1_Home.RTO.VerifCityandRto(RTO.java:34)at Module1_Home.RTO.VerifCityandRto(RTO.java:34)at Module1_Home.RTO.VerifCityandRto(RTO.java:34)at Module1_Home.RTO.VerifCityandRto(RTO.java:34)at Module1_Home.RTO.VerifCityandRto(RTO.java:34)at Module1_Home.RTO.VerifCityandRto(RTO.java:34)at Module1_Home.RTO.VerifCityandRto(RTO.java:34)at Module1_Home.RTO.VerifCityandRto(RTO.java:34)at Module1_Home.RTO.VerifCityandRto(RTO.java:34)at Module1_Home.RTO.VerifCityandRto(RTO.java:34)at Module1_Home.RTO.VerifCityandRto(RTO.java:34)at Module1_Home.RTO.VerifCityandRto(RTO.java:34)at Module1_Home.RTO.VerifCityandRto(RTO.java:34)at Module1_Home.RTO.VerifCityandRto(RTO.java:34)at Module1_Home.RTO.VerifCityandRto(RTO.java:34)at Module1_Home.RTO.VerifCityandRto(RTO.java:34)at Module1_Home.RTO.VerifCityandRto(RTO.java:34)at Module1_Home.RTO.VerifCityandRto(RTO.java:34)at Module1_Home.RTO.VerifCityandRto(RTO.java:34)at Module1_Home.RTO.VerifCityandRto(RTO.java:34)at Module1_Home.RTO.VerifCityandRto(RTO.java:34)at Module1_Home.RTO.VerifCityandRto(RTO.java:34)at Module1_Home.RTO.VerifCityandRto(RTO.java:34)at Module1_Home.RTO.VerifCityandRto(RTO.java:34)at Module1_Home.RTO.VerifCityandRto(RTO.java:34)at Module1_Home.RTO.VerifCityandRto(RTO.java:34)at Module1_Home.RTO.VerifCityandRto(RTO.java:34)at Module1_Home.RTO.VerifCityandRto(RTO.java:34)at Module1_Home.RTO.VerifCityandRto(RTO.java:34)at Module1_Home.RTO.VerifCityandRto(RTO.java:34)at Module1_Home.RTO.VerifCityandRto(RTO.java:34)at Module1_Home.RTO.VerifCityandRto(RTO.java:34)at Module1_Home.RTO.VerifCityandRto(RTO.java:34)at Module1_Home.RTO.VerifCityandRto(RTO.java:34)at Module1_Home.RTO.VerifCityandRto(RTO.java:34)at Module1_Home.RTO.VerifCityandRto(RTO.java:34)at Module1_Home.RTO.VerifCityandRto(RTO.java:34)at Module1_Home.RTO.VerifCityandRto(RTO.java:34)at Module1_Home.RTO.VerifCityandRto(RTO.java:34)at Module1_Home.RTO.VerifCityandRto(RTO.java:34)at Module1_Home.RTO.VerifCityandRto(RTO.java:34)at Module1_Home.RTO.VerifCityandRto(RTO.java:34)at Module1_Home.RTO.VerifCityandRto(RTO.java:34)at Module1_Home.RTO.VerifCityandRto(RTO.java:34)at Module1_Home.RTO.VerifCityandRto(RTO.java:34)at Module1_Home.RTO.VerifCityandRto(RTO.java:34)at Module1_Home.RTO.VerifCityandRto(RTO.java:34)at Module1_Home.RTO.VerifCityandRto(RTO.java:34)at Module1_Home.RTO.VerifCityandRto(RTO.java:34)at Module1_Home.RTO.VerifCityandRto(RTO.java:34)at Module1_Home.RTO.VerifCityandRto(RTO.java:34)at Module1_Home.RTO.VerifCityandRto(RTO.java:34)at Module1_Home.RTO.VerifCityandRto(RTO.java:34)at Module1_Home.RTO.VerifCityandRto(RTO.java:34)at Module1_Home.RTO.VerifCityandRto(RTO.java:34)at Module1_Home.RTO.VerifCityandRto(RTO.java:34)at Module1_Home.RTO.VerifCityandRto(RTO.java:34)at Module1_Home.RTO.VerifCityandRto(RTO.java:34)at Module1_Home.RTO.VerifCityandRto(RTO.java:34)at Module1_Home.RTO.VerifCityandRto(RTO.java:34)at Module1_Home.RTO.VerifCityandRto(RTO.java:34)at Module1_Home.RTO.VerifCityandRto(RTO.java:34)at Module1_Home.RTO.VerifCityandRto(RTO.java:34)at Module1_Home.RTO.VerifCityandRto(RTO.java:34)at Module1_Home.RTO.VerifCityandRto(RTO.java:34)at Module1_Home.RTO.VerifCityandRto(RTO.java:34)at Module1_Home.RTO.VerifCityandRto(RTO.java:34)at Module1_Home.RTO.VerifCityandRto(RTO.java:34)at Module1_Home.RTO.VerifCityandRto(RTO.java:34)at Module1_Home.RTO.VerifCityandRto(RTO.java:34)at Module1_Home.RTO.VerifCityandRto(RTO.java:34)at Module1_Home.RTO.VerifCityandRto(RTO.java:34)at Module1_Home.RTO.VerifCityandRto(RTO.java:34)at Module1_Home.RTO.VerifCityandRto(RTO.java:34)at Module1_Home.RTO.VerifCityandRto(RTO.java:34)at Module1_Home.RTO.VerifCityandRto(RTO.java:34)at Module1_Home.RTO.VerifCityandRto(RTO.java:34)at Module1_Home.RTO.VerifCityandRto(RTO.java:34)at Module1_Home.RTO.VerifCityandRto(RTO.java:34)at Module1_Home.RTO.VerifCityandRto(RTO.java:34)at Module1_Home.RTO.VerifCityandRto(RTO.java:34)at Module1_Home.RTO.VerifCityandRto(RTO.java:34)at Module1_Home.RTO.VerifCityandRto(RTO.java:34)at Module1_Home.RTO.VerifCityandRto(RTO.java:34)at Module1_Home.RTO.VerifCityandRto(RTO.java:34)at Module1_Home.RTO.VerifCityandRto(RTO.java:34)at Module1_Home.RTO.VerifCityandRto(RTO.java:34)at Module1_Home.RTO.VerifCityandRto(RTO.java:34)at Module1_Home.RTO.VerifCityandRto(RTO.java:34)at Module1_Home.RTO.VerifCityandRto(RTO.java:34)at Module1_Home.RTO.VerifCityandRto(RTO.java:34)at Module1_Home.RTO.VerifCityandRto(RTO.java:34)at Module1_Home.RTO.VerifCityandRto(RTO.java:34)at Module1_Home.RTO.VerifCityandRto(RTO.java:34)at Module1_Home.RTO.VerifCityandRto(RTO.java:34)at Module1_Home.RTO.VerifCityandRto(RTO.java:34)at Module1_Home.RTO.VerifCityandRto(RTO.java:34)at Module1_Home.RTO.VerifCityandRto(RTO.java:34)at Module1_Home.RTO.VerifCityandRto(RTO.java:34)at Module1_Home.RTO.VerifCityandRto(RTO.java:34)at Module1_Home.RTO.VerifCityandRto(RTO.java:34)at Module1_Home.RTO.VerifCityandRto(RTO.java:34)at Module1_Home.RTO.VerifCityandRto(RTO.java:34)at Module1_Home.RTO.VerifCityandRto(RTO.java:34)at Module1_Home.RTO.VerifCityandRto(RTO.java:34)at Module1_Home.RTO.VerifCityandRto(RTO.java:34)at Module1_Home.RTO.VerifCityandRto(RTO.java:34)at Module1_Home.RTO.VerifCityandRto(RTO.java:34)at Module1_Home.RTO.VerifCityandRto(RTO.java:34)at Module1_Home.RTO.VerifCityandRto(RTO.java:34)at Module1_Home.RTO.VerifCityandRto(RTO.java:34)at Module1_Home.RTO.VerifCityandRto(RTO.java:34)at Module1_Home.RTO.VerifCityandRto(RTO.java:34)at Module1_Home.RTO.VerifCityandRto(RTO.java:34)at Module1_Home.RTO.VerifCityandRto(RTO.java:34)at Module1_Home.RTO.VerifCityandRto(RTO.java:34)at Module1_Home.RTO.VerifCityandRto(RTO.java:34)at Module1_Home.RTO.VerifCityandRto(RTO.java:34)at Module1_Home.RTO.VerifCityandRto(RTO.java:34)at Module1_Home.RTO.VerifCityandRto(RTO.java:34)at Module1_Home.RTO.VerifCityandRto(RTO.java:34)at Module1_Home.RTO.VerifCityandRto(RTO.java:34)at Module1_Home.RTO.VerifCityandRto(RTO.java:34)at Module1_Home.RTO.VerifCityandRto(RTO.java:34)at Module1_Home.RTO.VerifCityandRto(RTO.java:34)at Module1_Home.RTO.VerifCityandRto(RTO.java:34)at Module1_Home.RTO.VerifCityandRto(RTO.java:34)at Module1_Home.RTO.VerifCityandRto(RTO.java:34)at Module1_Home.RTO.VerifCityandRto(RTO.java:34)at Module1_Home.RTO.VerifCityandRto(RTO.java:34)at Module1_Home.RTO.VerifCityandRto(RTO.java:34)at Module1_Home.RTO.VerifCityandRto(RTO.java:34)at Module1_Home.RTO.VerifCityandRto(RTO.java:34)at Module1_Home.RTO.VerifCityandRto(RTO.java:34)at Module1_Home.RTO.VerifCityandRto(RTO.java:34)at Module1_Home.RTO.VerifCityandRto(RTO.java:34)at Module1_Home.RTO.VerifCityandRto(RTO.java:34)at Module1_Home.RTO.VerifCityandRto(RTO.java:34)at Module1_Home.RTO.VerifCityandRto(RTO.java:34)at Module1_Home.RTO.VerifCityandRto(RTO.java:34)at Module1_Home.RTO.VerifCityandRto(RTO.java:34)at Module1_Home.RTO.VerifCityandRto(RTO.java:34)at Module1_Home.RTO.VerifCityandRto(RTO.java:34)at Module1_Home.RTO.VerifCityandRto(RTO.java:34)at Module1_Home.RTO.VerifCityandRto(RTO.java:34)at Module1_Home.RTO.VerifCityandRto(RTO.java:34)at Module1_Home.RTO.VerifCityandRto(RTO.java:34)at Module1_Home.RTO.VerifCityandRto(RTO.java:34)at Module1_Home.RTO.VerifCityandRto(RTO.java:34)at Module1_Home.RTO.VerifCityandRto(RTO.java:34)at Module1_Home.RTO.VerifCityandRto(RTO.java:34)at Module1_Home.RTO.VerifCityandRto(RTO.java:34)at Module1_Home.RTO.VerifCityandRto(RTO.java:34)at Module1_Home.RTO.VerifCityandRto(RTO.java:34)at Module1_Home.RTO.VerifCityandRto(RTO.java:34)at Module1_Home.RTO.VerifCityandRto(RTO.java:34)at Module1_Home.RTO.VerifCityandRto(RTO.java:34)at Module1_Home.RTO.VerifCityandRto(RTO.java:34)at Module1_Home.RTO.VerifCityandRto(RTO.java:34)at Module1_Home.RTO.VerifCityandRto(RTO.java:34)at Module1_Home.RTO.VerifCityandRto(RTO.java:34)at Module1_Home.RTO.VerifCityandRto(RTO.java:34)at Module1_Home.RTO.VerifCityandRto(RTO.java:34)at Module1_Home.RTO.VerifCityandRto(RTO.java:34)at Module1_Home.RTO.VerifCityandRto(RTO.java:34)at Module1_Home.RTO.VerifCityandRto(RTO.java:34)at Module1_Home.RTO.VerifCityandRto(RTO.java:34)at Module1_Home.RTO.VerifCityandRto(RTO.java:34)at Module1_Home.RTO.VerifCityandRto(RTO.java:34)at Module1_Home.RTO.VerifCityandRto(RTO.java:34)at Module1_Home.RTO.VerifCityandRto(RTO.java:34)at Module1_Home.RTO.VerifCityandRto(RTO.java:34)at Module1_Home.RTO.VerifCityandRto(RTO.java:34)at Module1_Home.RTO.VerifCityandRto(RTO.java:34)at Module1_Home.RTO.VerifCityandRto(RTO.java:34)at Module1_Home.RTO.VerifCityandRto(RTO.java:34)at Module1_Home.RTO.VerifCityandRto(RTO.java:34)at Module1_Home.RTO.VerifCityandRto(RTO.java:34)at Module1_Home.RTO.VerifCityandRto(RTO.java:34)at Module1_Home.RTO.VerifCityandRto(RTO.java:34)at Module1_Home.RTO.VerifCityandRto(RTO.java:34)at Module1_Home.RTO.VerifCityandRto(RTO.java:34)at Module1_Home.RTO.VerifCityandRto(RTO.java:34)at Module1_Home.RTO.VerifCityandRto(RTO.java:34)at Module1_Home.RTO.VerifCityandRto(RTO.java:34)at Module1_Home.RTO.VerifCityandRto(RTO.java:34)at Module1_Home.RTO.VerifCityandRto(RTO.java:34)at Module1_Home.RTO.VerifCityandRto(RTO.java:34)at Module1_Home.RTO.VerifCityandRto(RTO.java:34)at Module1_Home.RTO.VerifCityandRto(RTO.java:34)at Module1_Home.RTO.VerifCityandRto(RTO.java:34)at Module1_Home.RTO.VerifCityandRto(RTO.java:34)at Module1_Home.RTO.VerifCityandRto(RTO.java:34)at Module1_Home.RTO.VerifCityandRto(RTO.java:34)at Module1_Home.RTO.VerifCityandRto(RTO.java:34)at Module1_Home.RTO.VerifCityandRto(RTO.java:34)at Module1_Home.RTO.VerifCityandRto(RTO.java:34)at Module1_Home.RTO.VerifCityandRto(RTO.java:34)at Module1_Home.RTO.VerifCityandRto(RTO.java:34)at Module1_Home.RTO.VerifCityandRto(RTO.java:34)at Module1_Home.RTO.VerifCityandRto(RTO.java:34)at Module1_Home.RTO.VerifCityandRto(RTO.java:34)at Module1_Home.RTO.VerifCityandRto(RTO.java:34)at Module1_Home.RTO.VerifCityandRto(RTO.java:34)at Module1_Home.RTO.VerifCityandRto(RTO.java:34)at Module1_Home.RTO.VerifCityandRto(RTO.java:34)at Module1_Home.RTO.VerifCityandRto(RTO.java:34)at Module1_Home.RTO.VerifCityandRto(RTO.java:34)at Module1_Home.RTO.VerifCityandRto(RTO.java:34)at Module1_Home.RTO.VerifCityandRto(RTO.java:34)at Module1_Home.RTO.VerifCityandRto(RTO.java:34)at Module1_Home.RTO.VerifCityandRto(RTO.java:34)at Module1_Home.RTO.VerifCityandRto(RTO.java:34)at Module1_Home.RTO.VerifCityandRto(RTO.java:34)at Module1_Home.RTO.VerifCityandRto(RTO.java:34)at Module1_Home.RTO.VerifCityandRto(RTO.java:34)at Module1_Home.RTO.VerifCityandRto(RTO.java:34)at Module1_Home.RTO.VerifCityandRto(RTO.java:34)at Module1_Home.RTO.VerifCityandRto(RTO.java:34)at Module1_Home.RTO.VerifCityandRto(RTO.java:34)at Module1_Home.RTO.VerifCityandRto(RTO.java:34)at Module1_Home.RTO.VerifCityandRto(RTO.java:34)at Module1_Home.RTO.VerifCityandRto(RTO.java:34)at Module1_Home.RTO.VerifCityandRto(RTO.java:34)at Module1_Home.RTO.VerifCityandRto(RTO.java:34)at Module1_Home.RTO.VerifCityandRto(RTO.java:34)at Module1_Home.RTO.VerifCityandRto(RTO.java:34)at Module1_Home.RTO.VerifCityandRto(RTO.java:34)at Module1_Home.RTO.VerifCityandRto(RTO.java:34)at Module1_Home.RTO.VerifCityandRto(RTO.java:34)at Module1_Home.RTO.VerifCityandRto(RTO.java:34)at Module1_Home.RTO.VerifCityandRto(RTO.java:34)at Module1_Home.RTO.VerifCityandRto(RTO.java:34)at Module1_Home.RTO.VerifCityandRto(RTO.java:34)at Module1_Home.RTO.VerifCityandRto(RTO.java:34)at Module1_Home.RTO.VerifCityandRto(RTO.java:34)at Module1_Home.RTO.VerifCityandRto(RTO.java:34)at Module1_Home.RTO.VerifCityandRto(RTO.java:34)at Module1_Home.RTO.VerifCityandRto(RTO.java:34)at Module1_Home.RTO.VerifCityandRto(RTO.java:34)at Module1_Home.RTO.VerifCityandRto(RTO.java:34)at Module1_Home.RTO.VerifCityandRto(RTO.java:34)at Module1_Home.RTO.VerifCityandRto(RTO.java:34)at Module1_Home.RTO.VerifCityandRto(RTO.java:34)at Module1_Home.RTO.VerifCityandRto(RTO.java:34)at Module1_Home.RTO.VerifCityandRto(RTO.java:34)at Module1_Home.RTO.VerifCityandRto(RTO.java:34)at Module1_Home.RTO.VerifCityandRto(RTO.java:34)at Module1_Home.RTO.VerifCityandRto(RTO.java:34)at Module1_Home.RTO.VerifCityandRto(RTO.java:34)at Module1_Home.RTO.VerifCityandRto(RTO.java:34)at Module1_Home.RTO.VerifCityandRto(RTO.java:34)at Module1_Home.RTO.VerifCityandRto(RTO.java:34)at Module1_Home.RTO.VerifCityandRto(RTO.java:34)at Module1_Home.RTO.VerifCityandRto(RTO.java:34)at Module1_Home.RTO.VerifCityandRto(RTO.java:34)at Module1_Home.RTO.VerifCityandRto(RTO.java:34)at Module1_Home.RTO.VerifCityandRto(RTO.java:34)at Module1_Home.RTO.VerifCityandRto(RTO.java:34)at Module1_Home.RTO.VerifCityandRto(RTO.java:34)at Module1_Home.RTO.VerifCityandRto(RTO.java:34)at Module1_Home.RTO.VerifCityandRto(RTO.java:34)at Module1_Home.RTO.VerifCityandRto(RTO.java:34)at Module1_Home.RTO.VerifCityandRto(RTO.java:34)at Module1_Home.RTO.VerifCityandRto(RTO.java:34)at Module1_Home.RTO.VerifCityandRto(RTO.java:34)at Module1_Home.RTO.VerifCityandRto(RTO.java:34)at Module1_Home.RTO.VerifCityandRto(RTO.java:34)at Module1_Home.RTO.VerifCityandRto(RTO.java:34)at Module1_Home.RTO.VerifCityandRto(RTO.java:34)at Module1_Home.RTO.VerifCityandRto(RTO.java:34)at Module1_Home.RTO.VerifCityandRto(RTO.java:34)at Module1_Home.RTO.VerifCityandRto(RTO.java:34)at Module1_Home.RTO.VerifCityandRto(RTO.java:34)at Module1_Home.RTO.VerifCityandRto(RTO.java:34)at Module1_Home.RTO.VerifCityandRto(RTO.java:34)at Module1_Home.RTO.VerifCityandRto(RTO.java:34)at Module1_Home.RTO.VerifCityandRto(RTO.java:34)at Module1_Home.RTO.VerifCityandRto(RTO.java:34)at Module1_Home.RTO.VerifCityandRto(RTO.java:34)at Module1_Home.RTO.VerifCityandRto(RTO.java:34)at Module1_Home.RTO.VerifCityandRto(RTO.java:34)at Module1_Home.RTO.VerifCityandRto(RTO.java:34)at Module1_Home.RTO.VerifCityandRto(RTO.java:34)at Module1_Home.RTO.VerifCityandRto(RTO.java:34)at Module1_Home.RTO.VerifCityandRto(RTO.java:34)at Module1_Home.RTO.VerifCityandRto(RTO.java:34)at Module1_Home.RTO.VerifCityandRto(RTO.java:34)at Module1_Home.RTO.VerifCityandRto(RTO.java:34)at Module1_Home.RTO.VerifCityandRto(RTO.java:34)at Module1_Home.RTO.VerifCityandRto(RTO.java:34)at Module1_Home.RTO.VerifCityandRto(RTO.java:34)at Module1_Home.RTO.VerifCityandRto(RTO.java:34)at Module1_Home.RTO.VerifCityandRto(RTO.java:34)at Module1_Home.RTO.VerifCityandRto(RTO.java:34)at Module1_Home.RTO.VerifCityandRto(RTO.java:34)at Module1_Home.RTO.VerifCityandRto(RTO.java:34)at Module1_Home.RTO.VerifCityandRto(RTO.java:34)at Module1_Home.RTO.VerifCityandRto(RTO.java:34)at Module1_Home.RTO.VerifCityandRto(RTO.java:34)at Module1_Home.RTO.VerifCityandRto(RTO.java:34)at Module1_Home.RTO.VerifCityandRto(RTO.java:34)at Module1_Home.RTO.VerifCityandRto(RTO.java:34)at Module1_Home.RTO.VerifCityandRto(RTO.java:34)at Module1_Home.RTO.VerifCityandRto(RTO.java:34)at Module1_Home.RTO.VerifCityandRto(RTO.java:34)at Module1_Home.RTO.VerifCityandRto(RTO.java:34)at Module1_Home.RTO.VerifCityandRto(RTO.java:34)at Module1_Home.RTO.VerifCityandRto(RTO.java:34)at Module1_Home.RTO.VerifCityandRto(RTO.java:34)at Module1_Home.RTO.VerifCityandRto(RTO.java:34)at Module1_Home.RTO.VerifCityandRto(RTO.java:34)at Module1_Home.RTO.VerifCityandRto(RTO.java:34)at Module1_Home.RTO.VerifCityandRto(RTO.java:34)at Module1_Home.RTO.VerifCityandRto(RTO.java:34)at Module1_Home.RTO.VerifCityandRto(RTO.java:34)at Module1_Home.RTO.VerifCityandRto(RTO.java:34)at Module1_Home.RTO.VerifCityandRto(RTO.java:34)at Module1_Home.RTO.VerifCityandRto(RTO.java:34)at Module1_Home.RTO.VerifCityandRto(RTO.java:34)at Module1_Home.RTO.VerifCityandRto(RTO.java:34)at Module1_Home.RTO.VerifCityandRto(RTO.java:34)at Module1_Home.RTO.VerifCityandRto(RTO.java:34)at Module1_Home.RTO.VerifCityandRto(RTO.java:34)at Module1_Home.RTO.VerifCityandRto(RTO.java:34)at Module1_Home.RTO.VerifCityandRto(RTO.java:34)at Module1_Home.RTO.VerifCityandRto(RTO.java:34)at Module1_Home.RTO.VerifCityandRto(RTO.java:34)at Module1_Home.RTO.VerifCityandRto(RTO.java:34)at Module1_Home.RTO.VerifCityandRto(RTO.java:34)at Module1_Home.RTO.VerifCityandRto(RTO.java:34)at Module1_Home.RTO.VerifCityandRto(RTO.java:34)at Module1_Home.RTO.VerifCityandRto(RTO.java:34)at Module1_Home.RTO.VerifCityandRto(RTO.java:34)at Module1_Home.RTO.VerifCityandRto(RTO.java:34)at Module1_Home.RTO.VerifCityandRto(RTO.java:34)at Module1_Home.RTO.VerifCityandRto(RTO.java:34)at Module1_Home.RTO.VerifCityandRto(RTO.java:34)at Module1_Home.RTO.VerifCityandRto(RTO.java:34)at Module1_Home.RTO.VerifCityandRto(RTO.java:34)at Module1_Home.RTO.VerifCityandRto(RTO.java:34)at Module1_Home.RTO.VerifCityandRto(RTO.java:34)at Module1_Home.RTO.VerifCityandRto(RTO.java:34)at Module1_Home.RTO.VerifCityandRto(RTO.java:34)at Module1_Home.RTO.VerifCityandRto(RTO.java:34)at Module1_Home.RTO.VerifCityandRto(RTO.java:34)at Module1_Home.RTO.VerifCityandRto(RTO.java:34)at Module1_Home.RTO.VerifCityandRto(RTO.java:34)at Module1_Home.RTO.VerifCityandRto(RTO.java:34)at Module1_Home.RTO.VerifCityandRto(RTO.java:34)at Module1_Home.RTO.VerifCityandRto(RTO.java:34)at Module1_Home.RTO.VerifCityandRto(RTO.java:34)at Module1_Home.RTO.VerifCityandRto(RTO.java:34)at Module1_Home.RTO.VerifCityandRto(RTO.java:34)at Module1_Home.RTO.VerifCityandRto(RTO.java:34)at Module1_Home.RTO.VerifCityandRto(RTO.java:34)at Module1_Home.RTO.VerifCityandRto(RTO.java:34)at Module1_Home.RTO.VerifCityandRto(RTO.java:34)at Module1_Home.RTO.VerifCityandRto(RTO.java:34)at Module1_Home.RTO.VerifCityandRto(RTO.java:34)at Module1_Home.RTO.VerifCityandRto(RTO.java:34)at Module1_Home.RTO.VerifCityandRto(RTO.java:34)at Module1_Home.RTO.VerifCityandRto(RTO.java:34)at Module1_Home.RTO.VerifCityandRto(RTO.java:34)at Module1_Home.RTO.VerifCityandRto(RTO.java:34)at Module1_Home.RTO.VerifCityandRto(RTO.java:34)at Module1_Home.RTO.VerifCityandRto(RTO.java:34)at Module1_Home.RTO.VerifCityandRto(RTO.java:34)at Module1_Home.RTO.VerifCityandRto(RTO.java:34)at Module1_Home.RTO.VerifCityandRto(RTO.java:34)at Module1_Home.RTO.VerifCityandRto(RTO.java:34)at Module1_Home.RTO.VerifCityandRto(RTO.java:34)at Module1_Home.RTO.VerifCityandRto(RTO.java:34)at Module1_Home.RTO.VerifCityandRto(RTO.java:34)at Module1_Home.RTO.VerifCityandRto(RTO.java:34)at Module1_Home.RTO.VerifCityandRto(RTO.java:34)at Module1_Home.RTO.VerifCityandRto(RTO.java:34)at Module1_Home.RTO.VerifCityandRto(RTO.java:34)at Module1_Home.RTO.VerifCityandRto(RTO.java:34)at Module1_Home.RTO.VerifCityandRto(RTO.java:34)at Module1_Home.RTO.VerifCityandRto(RTO.java:34)at Module1_Home.RTO.VerifCityandRto(RTO.java:34)at Module1_Home.RTO.VerifCityandRto(RTO.java:34)at Module1_Home.RTO.VerifCityandRto(RTO.java:34)at Module1_Home.RTO.VerifCityandRto(RTO.java:34)at Module1_Home.RTO.VerifCityandRto(RTO.java:34)at Module1_Home.RTO.VerifCityandRto(RTO.java:34)at Module1_Home.RTO.VerifCityandRto(RTO.java:34)at Module1_Home.RTO.VerifCityandRto(RTO.java:34)at Module1_Home.RTO.VerifCityandRto(RTO.java:34)at Module1_Home.RTO.VerifCityandRto(RTO.java:34)at Module1_Home.RTO.VerifCityandRto(RTO.java:34)at Module1_Home.RTO.VerifCityandRto(RTO.java:34)at Module1_Home.RTO.VerifCityandRto(RTO.java:34)at Module1_Home.RTO.VerifCityandRto(RTO.java:34)at Module1_Home.RTO.VerifCityandRto(RTO.java:34)at Module1_Home.RTO.VerifCityandRto(RTO.java:34)at Module1_Home.RTO.VerifCityandRto(RTO.java:34)at Module1_Home.RTO.VerifCityandRto(RTO.java:34)at Module1_Home.RTO.VerifCityandRto(RTO.java:34)at Module1_Home.RTO.VerifCityandRto(RTO.java:34)at Module1_Home.RTO.VerifCityandRto(RTO.java:34)at Module1_Home.RTO.VerifCityandRto(RTO.java:34)at Module1_Home.RTO.VerifCityandRto(RTO.java:34)at Module1_Home.RTO.VerifCityandRto(RTO.java:34)at Module1_Home.RTO.VerifCityandRto(RTO.java:34)at Module1_Home.RTO.VerifCityandRto(RTO.java:34)at Module1_Home.RTO.VerifCityandRto(RTO.java:34)at Module1_Home.RTO.VerifCityandRto(RTO.java:34)at Module1_Home.RTO.VerifCityandRto(RTO.java:34)at Module1_Home.RTO.VerifCityandRto(RTO.java:34)at Module1_Home.RTO.VerifCityandRto(RTO.java:34)at Module1_Home.RTO.VerifCityandRto(RTO.java:34)at Module1_Home.RTO.VerifCityandRto(RTO.java:34)at Module1_Home.RTO.VerifCityandRto(RTO.java:34)at Module1_Home.RTO.VerifCityandRto(RTO.java:34)at Module1_Home.RTO.VerifCityandRto(RTO.java:34)at Module1_Home.RTO.VerifCityandRto(RTO.java:34)at Module1_Home.RTO.VerifCityandRto(RTO.java:34)at Module1_Home.RTO.VerifCityandRto(RTO.java:34)at Module1_Home.RTO.VerifCityandRto(RTO.java:34)at Module1_Home.RTO.VerifCityandRto(RTO.java:34)at Module1_Home.RTO.VerifCityandRto(RTO.java:34)at Module1_Home.RTO.VerifCityandRto(RTO.java:34)at Module1_Home.RTO.VerifCityandRto(RTO.java:34)at Module1_Home.RTO.VerifCityandRto(RTO.java:34)at Module1_Home.RTO.VerifCityandRto(RTO.java:34)at Module1_Home.RTO.VerifCityandRto(RTO.java:34)at Module1_Home.RTO.VerifCityandRto(RTO.java:34)at Module1_Home.RTO.VerifCityandRto(RTO.java:34)at Module1_Home.RTO.VerifCityandRto(RTO.java:34)at Module1_Home.RTO.VerifCityandRto(RTO.java:34)at Module1_Home.RTO.VerifCityandRto(RTO.java:34)at Module1_Home.RTO.VerifCityandRto(RTO.java:34)at Module1_Home.RTO.VerifCityandRto(RTO.java:34)at Module1_Home.RTO.VerifCityandRto(RTO.java:34)at Module1_Home.RTO.VerifCityandRto(RTO.java:34)at Module1_Home.RTO.VerifCityandRto(RTO.java:34)at Module1_Home.RTO.VerifCityandRto(RTO.java:34)at Module1_Home.RTO.VerifCityandRto(RTO.java:34)at Module1_Home.RTO.VerifCityandRto(RTO.java:34)at Module1_Home.RTO.VerifCityandRto(RTO.java:34)at Module1_Home.RTO.VerifCityandRto(RTO.java:34)at Module1_Home.RTO.VerifCityandRto(RTO.java:34)at Module1_Home.RTO.VerifCityandRto(RTO.java:34)at Module1_Home.RTO.VerifCityandRto(RTO.java:34)at Module1_Home.RTO.VerifCityandRto(RTO.java:34)at Module1_Home.RTO.VerifCityandRto(RTO.java:34)at Module1_Home.RTO.VerifCityandRto(RTO.java:34)at Module1_Home.RTO.VerifCityandRto(RTO.java:34)at Module1_Home.RTO.VerifCityandRto(RTO.java:34)at Module1_Home.RTO.VerifCityandRto(RTO.java:34)at Module1_Home.RTO.VerifCityandRto(RTO.java:34)at Module1_Home.RTO.VerifCityandRto(RTO.java:34)at Module1_Home.RTO.VerifCityandRto(RTO.java:34)at Module1_Home.RTO.VerifCityandRto(RTO.java:34)at Module1_Home.RTO.VerifCityandRto(RTO.java:34)at Module1_Home.RTO.VerifCityandRto(RTO.java:34)at Module1_Home.RTO.VerifCityandRto(RTO.java:34)at Module1_Home.RTO.VerifCityandRto(RTO.java:34)at Module1_Home.RTO.VerifCityandRto(RTO.java:34)at Module1_Home.RTO.VerifCityandRto(RTO.java:34)at Module1_Home.RTO.VerifCityandRto(RTO.java:34)at Module1_Home.RTO.VerifCityandRto(RTO.java:34)at Module1_Home.RTO.VerifCityandRto(RTO.java:34)at Module1_Home.RTO.VerifCityandRto(RTO.java:34)at Module1_Home.RTO.VerifCityandRto(RTO.java:34)at Module1_Home.RTO.VerifCityandRto(RTO.java:34)at Module1_Home.RTO.VerifCityandRto(RTO.java:34)at Module1_Home.RTO.VerifCityandRto(RTO.java:34)at Module1_Home.RTO.VerifCityandRto(RTO.java:34)at Module1_Home.RTO.VerifCityandRto(RTO.java:34)at Module1_Home.RTO.VerifCityandRto(RTO.java:34)at Module1_Home.RTO.VerifCityandRto(RTO.java:34)at Module1_Home.RTO.VerifCityandRto(RTO.java:34)at Module1_Home.RTO.VerifCityandRto(RTO.java:34)at Module1_Home.RTO.VerifCityandRto(RTO.java:34)at Module1_Home.RTO.VerifCityandRto(RTO.java:34)at Module1_Home.RTO.VerifCityandRto(RTO.java:34)at Module1_Home.RTO.VerifCityandRto(RTO.java:34)at Module1_Home.RTO.VerifCityandRto(RTO.java:34)at Module1_Home.RTO.VerifCityandRto(RTO.java:34)at Module1_Home.RTO.VerifCityandRto(RTO.java:34)at Module1_Home.RTO.VerifCityandRto(RTO.java:34)at Module1_Home.RTO.VerifCityandRto(RTO.java:34)at Module1_Home.RTO.VerifCityandRto(RTO.java:34)at Module1_Home.RTO.VerifCityandRto(RTO.java:34)at Module1_Home.RTO.VerifCityandRto(RTO.java:34)at Module1_Home.RTO.VerifCityandRto(RTO.java:34)at Module1_Home.RTO.VerifCityandRto(RTO.java:34)at Module1_Home.RTO.VerifCityandRto(RTO.java:34)at Module1_Home.RTO.VerifCityandRto(RTO.java:34)at Module1_Home.RTO.VerifCityandRto(RTO.java:34)at Module1_Home.RTO.VerifCityandRto(RTO.java:34)at Module1_Home.RTO.VerifCityandRto(RTO.java:34)at Module1_Home.RTO.VerifCityandRto(RTO.java:34)at Module1_Home.RTO.VerifCityandRto(RTO.java:34)at Module1_Home.RTO.VerifCityandRto(RTO.java:34)at Module1_Home.RTO.VerifCityandRto(RTO.java:34)at Module1_Home.RTO.VerifCityandRto(RTO.java:34)at Module1_Home.RTO.VerifCityandRto(RTO.java:34)at Module1_Home.RTO.VerifCityandRto(RTO.java:34)at Module1_Home.RTO.VerifCityandRto(RTO.java:34)at Module1_Home.RTO.VerifCityandRto(RTO.java:34)at Module1_Home.RTO.VerifCityandRto(RTO.java:34)at Module1_Home.RTO.VerifCityandRto(RTO.java:34)at Module1_Home.RTO.VerifCityandRto(RTO.java:34)at Module1_Home.RTO.VerifCityandRto(RTO.java:34)at Module1_Home.RTO.VerifCityandRto(RTO.java:34)at Module1_Home.RTO.VerifCityandRto(RTO.java:34)at Module1_Home.RTO.VerifCityandRto(RTO.java:34)at Module1_Home.RTO.VerifCityandRto(RTO.java:34)at Module1_Home.RTO.VerifCityandRto(RTO.java:34)at Module1_Home.RTO.VerifCityandRto(RTO.java:34)at Module1_Home.RTO.VerifCityandRto(RTO.java:34)at Module1_Home.RTO.VerifCityandRto(RTO.java:34)at Module1_Home.RTO.VerifCityandRto(RTO.java:34)at Module1_Home.RTO.VerifCityandRto(RTO.java:34)at Module1_Home.RTO.VerifCityandRto(RTO.java:34)at Module1_Home.RTO.VerifCityandRto(RTO.java:34)at Module1_Home.RTO.VerifCityandRto(RTO.java:34)at Module1_Home.RTO.VerifCityandRto(RTO.java:34)at Module1_Home.RTO.VerifCityandRto(RTO.java:34)at Module1_Home.RTO.VerifCityandRto(RTO.java:34)at Module1_Home.RTO.VerifCityandRto(RTO.java:34)at Module1_Home.RTO.VerifCityandRto(RTO.java:34)at Module1_Home.RTO.VerifCityandRto(RTO.java:34)at Module1_Home.RTO.VerifCityandRto(RTO.java:34)at Module1_Home.RTO.VerifCityandRto(RTO.java:34)at Module1_Home.RTO.VerifCityandRto(RTO.java:34)at Module1_Home.RTO.VerifCityandRto(RTO.java:34)at Module1_Home.RTO.VerifCityandRto(RTO.java:34)at Module1_Home.RTO.VerifCityandRto(RTO.java:34)at Module1_Home.RTO.VerifCityandRto(RTO.java:34)at Module1_Home.RTO.VerifCityandRto(RTO.java:34)at Module1_Home.RTO.VerifCityandRto(RTO.java:34)at Module1_Home.RTO.VerifCityandRto(RTO.java:34)at Module1_Home.RTO.VerifCityandRto(RTO.java:34)at Module1_Home.RTO.VerifCityandRto(RTO.java:34)at Module1_Home.RTO.VerifCityandRto(RTO.java:34)at Module1_Home.RTO.VerifCityandRto(RTO.java:34)at Module1_Home.RTO.VerifCityandRto(RTO.java:34)at Module1_Home.RTO.VerifCityandRto(RTO.java:34)at Module1_Home.RTO.VerifCityandRto(RTO.java:34)at Module1_Home.RTO.VerifCityandRto(RTO.java:34)at Module1_Home.RTO.VerifCityandRto(RTO.java:34)at Module1_Home.RTO.VerifCityandRto(RTO.java:34)at Module1_Home.RTO.VerifCityandRto(RTO.java:34)at Module1_Home.RTO.VerifCityandRto(RTO.java:34)at Module1_Home.RTO.VerifCityandRto(RTO.java:34)at Module1_Home.RTO.VerifCityandRto(RTO.java:34)at Module1_Home.RTO.VerifCityandRto(RTO.java:34)at Module1_Home.RTO.VerifCityandRto(RTO.java:34)at Module1_Home.RTO.VerifCityandRto(RTO.java:34)at Module1_Home.RTO.VerifCityandRto(RTO.java:34)at Module1_Home.RTO.VerifCityandRto(RTO.java:34)at Module1_Home.RTO.VerifCityandRto(RTO.java:34)at Module1_Home.RTO.VerifCityandRto(RTO.java:34)at Module1_Home.RTO.VerifCityandRto(RTO.java:34)at Module1_Home.RTO.VerifCityandRto(RTO.java:34)at Module1_Home.RTO.VerifCityandRto(RTO.java:34)at Module1_Home.RTO.VerifCityandRto(RTO.java:34)at Module1_Home.RTO.VerifCityandRto(RTO.java:34)at Module1_Home.RTO.VerifCityandRto(RTO.java:34)at Module1_Home.RTO.VerifCityandRto(RTO.java:34)at Module1_Home.RTO.VerifCityandRto(RTO.java:34)at Module1_Home.RTO.VerifCityandRto(RTO.java:34)at Module1_Home.RTO.VerifCityandRto(RTO.java:34)at Module1_Home.RTO.VerifCityandRto(RTO.java:34)at Module1_Home.RTO.VerifCityandRto(RTO.java:34)at Module1_Home.RTO.VerifCityandRto(RTO.java:34)at Module1_Home.RTO.VerifCityandRto(RTO.java:34)at Module1_Home.RTO.VerifCityandRto(RTO.java:34)at Module1_Home.RTO.VerifCityandRto(RTO.java:34)at Module1_Home.RTO.VerifCityandRto(RTO.java:34)at Module1_Home.RTO.VerifCityandRto(RTO.java:34)at Module1_Home.RTO.VerifCityandRto(RTO.java:34)at Module1_Home.RTO.VerifCityandRto(RTO.java:34)at Module1_Home.RTO.VerifCityandRto(RTO.java:34)at Module1_Home.RTO.VerifCityandRto(RTO.java:34)at Module1_Home.RTO.VerifCityandRto(RTO.java:34)at Module1_Home.RTO.VerifCityandRto(RTO.java:34)at Module1_Home.RTO.VerifCityandRto(RTO.java:34)at Module1_Home.RTO.VerifCityandRto(RTO.java:34)at Module1_Home.RTO.VerifCityandRto(RTO.java:34)at Module1_Home.RTO.VerifCityandRto(RTO.java:34)at Module1_Home.RTO.VerifCityandRto(RTO.java:34)at Module1_Home.RTO.VerifCityandRto(RTO.java:34)at Module1_Home.RTO.VerifCityandRto(RTO.java:34)at Module1_Home.RTO.VerifCityandRto(RTO.java:34)at Module1_Home.RTO.VerifCityandRto(RTO.java:34)at Module1_Home.RTO.VerifCityandRto(RTO.java:34)at Module1_Home.RTO.VerifCityandRto(RTO.java:34)at Module1_Home.RTO.VerifCityandRto(RTO.java:34)at Module1_Home.RTO.VerifCityandRto(RTO.java:34)at Module1_Home.RTO.VerifCityandRto(RTO.java:34)at Module1_Home.RTO.VerifCityandRto(RTO.java:34)at Module1_Home.RTO.VerifCityandRto(RTO.java:34)at Module1_Home.RTO.VerifCityandRto(RTO.java:34)at Module1_Home.RTO.VerifCityandRto(RTO.java:34)at Module1_Home.RTO.VerifCityandRto(RTO.java:34)at Module1_Home.RTO.VerifCityandRto(RTO.java:34)at Module1_Home.RTO.VerifCityandRto(RTO.java:34)at Module1_Home.RTO.VerifCityandRto(RTO.java:34)at Module1_Home.RTO.VerifCityandRto(RTO.java:34)at Module1_Home.RTO.VerifCityandRto(RTO.java:34)at Module1_Home.RTO.VerifCityandRto(RTO.java:34)at Module1_Home.RTO.VerifCityandRto(RTO.java:34)at Module1_Home.RTO.VerifCityandRto(RTO.java:34)at Module1_Home.RTO.VerifCityandRto(RTO.java:34)at Module1_Home.RTO.VerifCityandRto(RTO.java:34)at Module1_Home.RTO.VerifCityandRto(RTO.java:34)at Module1_Home.RTO.VerifCityandRto(RTO.java:34)at Module1_Home.RTO.VerifCityandRto(RTO.java:34)at Module1_Home.RTO.VerifCityandRto(RTO.java:34)at Module1_Home.RTO.VerifCityandRto(RTO.java:34)at Module1_Home.RTO.VerifCityandRto(RTO.java:34)at Module1_Home.RTO.VerifCityandRto(RTO.java:34)at Module1_Home.RTO.VerifCityandRto(RTO.java:34)at Module1_Home.RTO.VerifCityandRto(RTO.java:34)at Module1_Home.RTO.VerifCityandRto(RTO.java:34)at Module1_Home.RTO.VerifCityandRto(RTO.java:34)at Module1_Home.RTO.VerifCityandRto(RTO.java:34)at Module1_Home.RTO.VerifCityandRto(RTO.java:34)at Module1_Home.RTO.VerifCityandRto(RTO.java:34)at Module1_Home.RTO.VerifCityandRto(RTO.java:34)at Module1_Home.RTO.VerifCityandRto(RTO.java:34)at Module1_Home.RTO.VerifCityandRto(RTO.java:34)at Module1_Home.RTO.VerifCityandRto(RTO.java:34)at Module1_Home.RTO.VerifCityandRto(RTO.java:34)at Module1_Home.RTO.VerifCityandRto(RTO.java:34)at Module1_Home.RTO.VerifCityandRto(RTO.java:34)at Module1_Home.RTO.VerifCityandRto(RTO.java:34)at Module1_Home.RTO.VerifCityandRto(RTO.java:34)at Module1_Home.RTO.VerifCityandRto(RTO.java:34)at Module1_Home.RTO.VerifCityandRto(RTO.java:34)at Module1_Home.RTO.VerifCityandRto(RTO.java:34)at Module1_Home.RTO.VerifCityandRto(RTO.java:34)at Module1_Home.RTO.VerifCityandRto(RTO.java:34)at Module1_Home.RTO.VerifCityandRto(RTO.java:34)at Module1_Home.RTO.VerifCityandRto(RTO.java:34)at Module1_Home.RTO.VerifCityandRto(RTO.java:34)at Module1_Home.RTO.VerifCityandRto(RTO.java:34)at Module1_Home.RTO.VerifCityandRto(RTO.java:34)at Module1_Home.RTO.VerifCityandRto(RTO.java:34)at Module1_Home.RTO.VerifCityandRto(RTO.java:34)at Module1_Home.RTO.VerifCityandRto(RTO.java:34)at Module1_Home.RTO.VerifCityandRto(RTO.java:34)at Module1_Home.RTO.VerifCityandRto(RTO.java:34)at Module1_Home.RTO.VerifCityandRto(RTO.java:34)at Module1_Home.RTO.VerifCityandRto(RTO.java:34)at Module1_Home.RTO.VerifCityandRto(RTO.java:34)at Module1_Home.RTO.VerifCityandRto(RTO.java:34)at Module1_Home.RTO.VerifCityandRto(RTO.java:34)at Module1_Home.RTO.VerifCityandRto(RTO.java:34)at Module1_Home.RTO.VerifCityandRto(RTO.java:34)at Module1_Home.RTO.VerifCityandRto(RTO.java:34)at Module1_Home.RTO.VerifCityandRto(RTO.java:34)at Module1_Home.RTO.VerifCityandRto(RTO.java:34)at Module1_Home.RTO.VerifCityandRto(RTO.java:34)at Module1_Home.RTO.VerifCityandRto(RTO.java:34)at Module1_Home.RTO.VerifCityandRto(RTO.java:34)at Module1_Home.RTO.VerifCityandRto(RTO.java:34)at Module1_Home.RTO.VerifCityandRto(RTO.java:34)at Module1_Home.RTO.VerifCityandRto(RTO.java:34)at Module1_Home.RTO.VerifCityandRto(RTO.java:34)at Module1_Home.RTO.VerifCityandRto(RTO.java:34)at Module1_Home.RTO.VerifCityandRto(RTO.java:34)at Module1_Home.RTO.VerifCityandRto(RTO.java:34)at Module1_Home.RTO.VerifCityandRto(RTO.java:34)at Module1_Home.RTO.VerifCityandRto(RTO.java:34)at Module1_Home.RTO.VerifCityandRto(RTO.java:34)at Module1_Home.RTO.VerifCityandRto(RTO.java:34)at Module1_Home.RTO.VerifCityandRto(RTO.java:34)at Module1_Home.RTO.VerifCityandRto(RTO.java:34)at Module1_Home.RTO.VerifCityandRto(RTO.java:34)at Module1_Home.RTO.VerifCityandRto(RTO.java:34)at Module1_Home.RTO.VerifCityandRto(RTO.java:34)at Module1_Home.RTO.VerifCityandRto(RTO.java:34)at Module1_Home.RTO.VerifCityandRto(RTO.java:34)at Module1_Home.RTO.VerifCityandRto(RTO.java:34)at Module1_Home.RTO.VerifCityandRto(RTO.java:34)at Module1_Home.RTO.VerifCityandRto(RTO.java:34)at Module1_Home.RTO.VerifCityandRto(RTO.java:34)at Module1_Home.RTO.VerifCityandRto(RTO.java:34)at Module1_Home.RTO.VerifCityandRto(RTO.java:34)at Module1_Home.RTO.VerifCityandRto(RTO.java:34)at Module1_Home.RTO.VerifCityandRto(RTO.java:34)at Module1_Home.RTO.VerifCityandRto(RTO.java:34)at Module1_Home.RTO.VerifCityandRto(RTO.java:34)at Module1_Home.RTO.VerifCityandRto(RTO.java:34)at Module1_Home.RTO.VerifCityandRto(RTO.java:34)at Module1_Home.RTO.VerifCityandRto(RTO.java:34)at Module1_Home.RTO.VerifCityandRto(RTO.java:34)at Module1_Home.RTO.VerifCityandRto(RTO.java:34)at Module1_Home.RTO.VerifCityandRto(RTO.java:34)at Module1_Home.RTO.VerifCityandRto(RTO.java:34)at Module1_Home.RTO.VerifCityandRto(RTO.java:34)at Module1_Home.RTO.VerifCityandRto(RTO.java:34)at Module1_Home.RTO.VerifCityandRto(RTO.java:34)at Module1_Home.RTO.VerifCityandRto(RTO.java:34)at Module1_Home.RTO.VerifCityandRto(RTO.java:34)at Module1_Home.RTO.VerifCityandRto(RTO.java:34)at Module1_Home.RTO.VerifCityandRto(RTO.java:34)at Module1_Home.RTO.VerifCityandRto(RTO.java:34)at Module1_Home.RTO.VerifCityandRto(RTO.java:34)at Module1_Home.RTO.VerifCityandRto(RTO.java:34)at Module1_Home.RTO.VerifCityandRto(RTO.java:34)at Module1_Home.RTO.VerifCityandRto(RTO.java:34)at Module1_Home.RTO.VerifCityandRto(RTO.java:34)at Module1_Home.RTO.VerifCityandRto(RTO.java:34)at Module1_Home.RTO.VerifCityandRto(RTO.java:34)at Module1_Home.RTO.VerifCityandRto(RTO.java:34)at Module1_Home.RTO.VerifCityandRto(RTO.java:34)at Module1_Home.RTO.VerifCityandRto(RTO.java:34)at Module1_Home.RTO.VerifCityandRto(RTO.java:34)at Module1_Home.RTO.VerifCityandRto(RTO.java:34)at Module1_Home.RTO.VerifCityandRto(RTO.java:34)at Module1_Home.RTO.VerifCityandRto(RTO.java:34)at Module1_Home.RTO.VerifCityandRto(RTO.java:34)at Module1_Home.RTO.VerifCityandRto(RTO.java:34)at Module1_Home.RTO.VerifCityandRto(RTO.java:34)at Module1_Home.RTO.VerifCityandRto(RTO.java:34)at Module1_Home.RTO.VerifCityandRto(RTO.java:34)at Module1_Home.RTO.VerifCityandRto(RTO.java:34)at Module1_Home.RTO.VerifCityandRto(RTO.java:34)at Module1_Home.RTO.VerifCityandRto(RTO.java:34)at Module1_Home.RTO.VerifCityandRto(RTO.java:34)at Module1_Home.RTO.VerifCityandRto(RTO.java:34)at Module1_Home.RTO.VerifCityandRto(RTO.java:34)at Module1_Home.RTO.VerifCityandRto(RTO.java:34)at Module1_Home.RTO.VerifCityandRto(RTO.java:34)at Module1_Home.RTO.VerifCityandRto(RTO.java:34)at Module1_Home.RTO.VerifCityandRto(RTO.java:34)at Module1_Home.RTO.VerifCityandRto(RTO.java:34)at Module1_Home.RTO.VerifCityandRto(RTO.java:34)at Module1_Home.RTO.VerifCityandRto(RTO.java:34)at Module1_Home.RTO.VerifCityandRto(RTO.java:34)at Module1_Home.RTO.VerifCityandRto(RTO.java:34)at Module1_Home.RTO.VerifCityandRto(RTO.java:34)at Module1_Home.RTO.VerifCityandRto(RTO.java:34)at Module1_Home.RTO.VerifCityandRto(RTO.java:34)at Module1_Home.RTO.VerifCityandRto(RTO.java:34)at Module1_Home.RTO.VerifCityandRto(RTO.java:34)at Module1_Home.RTO.VerifCityandRto(RTO.java:34)at Module1_Home.RTO.VerifCityandRto(RTO.java:34)at Module1_Home.RTO.VerifCityandRto(RTO.java:34)at Module1_Home.RTO.VerifCityandRto(RTO.java:34)at Module1_Home.RTO.VerifCityandRto(RTO.java:34)at Module1_Home.RTO.VerifCityandRto(RTO.java:34)at Module1_Home.RTO.VerifCityandRto(RTO.java:34)at Module1_Home.RTO.VerifCityandRto(RTO.java:34)at Module1_Home.RTO.VerifCityandRto(RTO.java:34)at Module1_Home.RTO.VerifCityandRto(RTO.java:34)at Module1_Home.RTO.VerifCityandRto(RTO.java:34)at Module1_Home.RTO.VerifCityandRto(RTO.java:34)at Module1_Home.RTO.VerifCityandRto(RTO.java:34)at Module1_Home.RTO.VerifCityandRto(RTO.java:34)at Module1_Home.RTO.VerifCityandRto(RTO.java:34)at Module1_Home.RTO.VerifCityandRto(RTO.java:34)at Module1_Home.RTO.VerifCityandRto(RTO.java:34)at Module1_Home.RTO.VerifCityandRto(RTO.java:34)at Module1_Home.RTO.VerifCityandRto(RTO.java:34)at Module1_Home.RTO.VerifCityandRto(RTO.java:34)at Module1_Home.RTO.VerifCityandRto(RTO.java:34)at Module1_Home.RTO.VerifCityandRto(RTO.java:34)at Module1_Home.RTO.VerifCityandRto(RTO.java:34)at Module1_Home.RTO.VerifCityandRto(RTO.java:34)at Module1_Home.RTO.VerifCityandRto(RTO.java:34)at Module1_Home.RTO.VerifCityandRto(RTO.java:34)at Module1_Home.RTO.VerifCityandRto(RTO.java:34)at Module1_Home.RTO.VerifCityandRto(RTO.java:34)at Module1_Home.RTO.VerifCityandRto(RTO.java:34)at Module1_Home.RTO.VerifCityandRto(RTO.java:34)at Module1_Home.RTO.VerifCityandRto(RTO.java:34)at Module1_Home.RTO.VerifCityandRto(RTO.java:34)at Module1_Home.RTO.VerifCityandRto(RTO.java:34)at Module1_Home.RTO.VerifCityandRto(RTO.java:34)at Module1_Home.RTO.VerifCityandRto(RTO.java:34)at Module1_Home.RTO.VerifCityandRto(RTO.java:34)at Module1_Home.RTO.VerifCityandRto(RTO.java:34)at Module1_Home.RTO.VerifCityandRto(RTO.java:34)at Module1_Home.RTO.VerifCityandRto(RTO.java:34)at Module1_Home.RTO.VerifCityandRto(RTO.java:34)at Module1_Home.RTO.VerifCityandRto(RTO.java:34)at Module1_Home.RTO.VerifCityandRto(RTO.java:34)at Module1_Home.RTO.VerifCityandRto(RTO.java:34)at Module1_Home.RTO.VerifCityandRto(RTO.java:34)at Module1_Home.RTO.VerifCityandRto(RTO.java:34)at Module1_Home.RTO.VerifCityandRto(RTO.java:34)at Module1_Home.RTO.VerifCityandRto(RTO.java:34)at Module1_Home.RTO.VerifCityandRto(RTO.java:34)at Module1_Home.RTO.VerifCityandRto(RTO.java:34)at Module1_Home.RTO.VerifCityandRto(RTO.java:34)at Module1_Home.RTO.VerifCityandRto(RTO.java:34)at Module1_Home.RTO.VerifCityandRto(RTO.java:34)at Module1_Home.RTO.VerifCityandRto(RTO.java:34)at Module1_Home.RTO.VerifCityandRto(RTO.java:34)at Module1_Home.RTO.VerifCityandRto(RTO.java:34)at Module1_Home.RTO.VerifCityandRto(RTO.java:34)at Module1_Home.RTO.VerifCityandRto(RTO.java:34)at Module1_Home.RTO.VerifCityandRto(RTO.java:34)at Module1_Home.RTO.VerifCityandRto(RTO.java:34)at Module1_Home.RTO.VerifCityandRto(RTO.java:34)at Module1_Home.RTO.VerifCityandRto(RTO.java:34)at Module1_Home.RTO.VerifCityandRto(RTO.java:34)at Module1_Home.RTO.VerifCityandRto(RTO.java:34)at Module1_Home.RTO.VerifCityandRto(RTO.java:34)at Module1_Home.RTO.VerifCityandRto(RTO.java:34)at Module1_Home.RTO.VerifCityandRto(RTO.java:34)at Module1_Home.RTO.VerifCityandRto(RTO.java:34)at Module1_Home.RTO.VerifCityandRto(RTO.java:34)at Module1_Home.RTO.VerifCityandRto(RTO.java:34)at Module1_Home.RTO.VerifCityandRto(RTO.java:34)at Module1_Home.RTO.VerifCityandRto(RTO.java:34)at Module1_Home.RTO.VerifCityandRto(RTO.java:34)at Module1_Home.RTO.VerifCityandRto(RTO.java:34)at Module1_Home.RTO.VerifCityandRto(RTO.java:34)at Module1_Home.RTO.VerifCityandRto(RTO.java:34)at Module1_Home.RTO.VerifCityandRto(RTO.java:34)at Module1_Home.RTO.VerifCityandRto(RTO.java:34)at Module1_Home.RTO.VerifCityandRto(RTO.java:34)at Module1_Home.RTO.VerifCityandRto(RTO.java:34)at Module1_Home.RTO.VerifCityandRto(RTO.java:34)at Module1_Home.RTO.VerifCityandRto(RTO.java:34)at Module1_Home.RTO.VerifCityandRto(RTO.java:34)at Module1_Home.RTO.VerifCityandRto(RTO.java:34)at Module1_Home.RTO.VerifCityandRto(RTO.java:34)at Module1_Home.RTO.VerifCityandRto(RTO.java:34)at Module1_Home.RTO.VerifCityandRto(RTO.java:34)at Module1_Home.RTO.VerifCityandRto(RTO.java:34)at Module1_Home.RTO.VerifCityandRto(RTO.java:34)at Module1_Home.RTO.VerifCityandRto(RTO.java:34)at Module1_Home.RTO.VerifCityandRto(RTO.java:34)at Module1_Home.RTO.VerifCityandRto(RTO.java:34)at Module1_Home.RTO.VerifCityandRto(RTO.java:34)at Module1_Home.RTO.VerifCityandRto(RTO.java:34)at Module1_Home.RTO.VerifCityandRto(RTO.java:34)at Module1_Home.RTO.VerifCityandRto(RTO.java:34)at Module1_Home.RTO.VerifCityandRto(RTO.java:34)at Module1_Home.RTO.VerifCityandRto(RTO.java:34)at Module1_Home.RTO.VerifCityandRto(RTO.java:34)at Module1_Home.RTO.VerifCityandRto(RTO.java:34)at Module1_Home.RTO.VerifCityandRto(RTO.java:34)at Module1_Home.RTO.VerifCityandRto(RTO.java:34)at Module1_Home.RTO.VerifCityandRto(RTO.java:34)at Module1_Home.RTO.VerifCityandRto(RTO.java:34)at Module1_Home.RTO.VerifCityandRto(RTO.java:34)at Module1_Home.RTO.VerifCityandRto(RTO.java:34)at Module1_Home.RTO.VerifCityandRto(RTO.java:34)at Module1_Home.RTO.VerifCityandRto(RTO.java:34)at Module1_Home.RTO.VerifCityandRto(RTO.java:34)at Module1_Home.RTO.VerifCityandRto(RTO.java:34)at Module1_Home.RTO.VerifCityandRto(RTO.java:34)at Module1_Home.RTO.VerifCityandRto(RTO.java:34)at Module1_Home.RTO.VerifCityandRto(RTO.java:34)at Module1_Home.RTO.VerifCityandRto(RTO.java:34)at Module1_Home.RTO.VerifCityandRto(RTO.java:34)at Module1_Home.RTO.VerifCityandRto(RTO.java:34)at Module1_Home.RTO.VerifCityandRto(RTO.java:34)at Module1_Home.RTO.VerifCityandRto(RTO.java:34)at Module1_Home.RTO.VerifCityandRto(RTO.java:34)at Module1_Home.RTO.VerifCityandRto(RTO.java:34)at Module1_Home.RTO.VerifCityandRto(RTO.java:34)at Module1_Home.RTO.VerifCityandRto(RTO.java:34)at Module1_Home.RTO.VerifCityandRto(RTO.java:34)at Module1_Home.RTO.VerifCityandRto(RTO.java:34)at Module1_Home.RTO.VerifCityandRto(RTO.java:34)at Module1_Home.RTO.VerifCityandRto(RTO.java:34)at Module1_Home.RTO.VerifCityandRto(RTO.java:34)at Module1_Home.RTO.VerifCityandRto(RTO.java:34)at Module1_Home.RTO.VerifCityandRto(RTO.java:34)at Module1_Home.RTO.VerifCityandRto(RTO.java:34)at Module1_Home.RTO.VerifCityandRto(RTO.java:34)at Module1_Home.RTO.VerifCityandRto(RTO.java:34)at Module1_Home.RTO.VerifCityandRto(RTO.java:34)at Module1_Home.RTO.VerifCityandRto(RTO.java:34)at Module1_Home.RTO.VerifCityandRto(RTO.java:34)at Module1_Home.RTO.VerifCityandRto(RTO.java:34)at Module1_Home.RTO.VerifCityandRto(RTO.java:34)at Module1_Home.RTO.VerifCityandRto(RTO.java:34)at Module1_Home.RTO.VerifCityandRto(RTO.java:34)at Module1_Home.RTO.VerifCityandRto(RTO.java:34)at Module1_Home.RTO.VerifCityandRto(RTO.java:34)at Module1_Home.RTO.VerifCityandRto(RTO.java:34)at Module1_Home.RTO.VerifCityandRto(RTO.java:34)at Module1_Home.RTO.VerifCityandRto(RTO.java:34)at Module1_Home.RTO.VerifCityandRto(RTO.java:34)at Module1_Home.RTO.VerifCityandRto(RTO.java:34)at Module1_Home.RTO.VerifCityandRto(RTO.java:34)at Module1_Home.RTO.VerifCityandRto(RTO.java:34)at Module1_Home.RTO.VerifCityandRto(RTO.java:34)at Module1_Home.RTO.VerifCityandRto(RTO.java:34)at Module1_Home.RTO.VerifCityandRto(RTO.java:34)at Module1_Home.RTO.VerifCityandRto(RTO.java:34)at Module1_Home.RTO.VerifCityandRto(RTO.java:34)at Module1_Home.RTO.VerifCityandRto(RTO.java:34)at Module1_Home.RTO.VerifCityandRto(RTO.java:34)at Module1_Home.RTO.VerifCityandRto(RTO.java:34)at Module1_Home.RTO.VerifCityandRto(RTO.java:34)at Module1_Home.RTO.VerifCityandRto(RTO.java:34)at Module1_Home.RTO.VerifCityandRto(RTO.java:34)at Module1_Home.RTO.VerifCityandRto(RTO.java:34)at Module1_Home.RTO.VerifCityandRto(RTO.java:34)at Module1_Home.RTO.VerifCityandRto(RTO.java:34)at Module1_Home.RTO.VerifCityandRto(RTO.java:34)at Module1_Home.RTO.VerifCityandRto(RTO.java:34)at Module1_Home.RTO.VerifCityandRto(RTO.java:34)at Module1_Home.RTO.VerifCityandRto(RTO.java:34)at Module1_Home.RTO.VerifCityandRto(RTO.java:34)at Module1_Home.RTO.VerifCityandRto(RTO.java:34)at Module1_Home.RTO.VerifCityandRto(RTO.java:34)at Module1_Home.RTO.VerifCityandRto(RTO.java:34)at Module1_Home.RTO.VerifCityandRto(RTO.java:34)at Module1_Home.RTO.VerifCityandRto(RTO.java:34)at Module1_Home.RTO.VerifCityandRto(RTO.java:34)at Module1_Home.RTO.VerifCityandRto(RTO.java:34)]]>
            </full-stacktrace>
          </exception> <!-- java.lang.StackOverflowError -->
          <reporter-output>
          </reporter-output>
        </test-method> <!-- Verify -->
        <test-method status="PASS" signature="CloseBrowser()[pri:0, instance:Module_Home_TestClasses.Insurance_TestNG_TestClass@21213b92]" name="CloseBrowser" is-config="true" duration-ms="16235" started-at="2023-02-27T19:29:37Z" finished-at="2023-02-27T19:29:53Z">
          <reporter-output>
          </reporter-output>
        </test-method> <!-- CloseBrowser -->
        <test-method status="PASS" signature="LogoutFromApp()[pri:0, instance:Module_Home_TestClasses.Insurance_TestNG_TestClass@21213b92]" name="LogoutFromApp" is-config="true" duration-ms="0" started-at="2023-02-27T19:29:37Z" finished-at="2023-02-27T19:29:37Z">
          <reporter-output>
          </reporter-output>
        </test-method> <!-- LogoutFromApp -->
      </class> <!-- Module_Home_TestClasses.Insurance_TestNG_TestClass -->
    </test> <!-- Default test -->
  </suite> <!-- Default suite -->
</testng-results>
